Log file open, 08/16/19 18:27:54
LogWindows: Failed to load 'aqProf.dll' (GetLastError=126)
LogWindows: File 'aqProf.dll' does not exist
LogWindows: Failed to load 'VtuneApi.dll' (GetLastError=126)
LogWindows: File 'VtuneApi.dll' does not exist
LogWindows: Failed to load 'VtuneApi32e.dll' (GetLastError=126)
LogWindows: File 'VtuneApi32e.dll' does not exist
LogConsoleResponse: Display: Failed to find resolution value strings in scalability ini. Falling back to default.
LogInit: Display: Running engine for game: StarWarsVR
LogPakFile: Registered encryption key '00000000000000000000000000000000': 0 pak files mounted, 0 remain pending
LogPlatformFile: Not using cached read wrapper
LogTaskGraph: Started task graph with 5 named threads and 47 total threads with 3 sets of task threads.
LogStats: Stats thread started at 3.199223
LogD3D11RHI: Loaded GFSDK_Aftermath_Lib.x64.dll
LogICUInternationalization: ICU TimeZone Detection - Raw Offset: -5:00, Platform Override: ''
LogPluginManager: Mounting plugin Paper2D
LogPluginManager: Mounting plugin AISupport
LogPluginManager: Mounting plugin LightPropagationVolume
LogPluginManager: Mounting plugin ActorLayerUtilities
LogPluginManager: Mounting plugin CLionSourceCodeAccess
LogPluginManager: Mounting plugin CodeLiteSourceCodeAccess
LogPluginManager: Mounting plugin GitSourceControl
LogPluginManager: Mounting plugin KDevelopSourceCodeAccess
LogPluginManager: Mounting plugin NullSourceCodeAccess
LogPluginManager: Mounting plugin PerforceSourceControl
LogPluginManager: Mounting plugin SubversionSourceControl
LogPluginManager: Mounting plugin UObjectPlugin
LogPluginManager: Mounting plugin VisualStudioCodeSourceCodeAccess
LogPluginManager: Mounting plugin VisualStudioSourceCodeAccess
LogPluginManager: Mounting plugin XCodeSourceCodeAccess
LogPluginManager: Mounting plugin AssetManagerEditor
LogPluginManager: Mounting plugin CryptoKeys
LogPluginManager: Mounting plugin DataValidation
LogPluginManager: Mounting plugin FacialAnimation
LogPluginManager: Mounting plugin GameplayTagsEditor
LogPluginManager: Mounting plugin MacGraphicsSwitching
LogPluginManager: Mounting plugin MeshEditor
LogPluginManager: Mounting plugin MobileLauncherProfileWizard
LogPluginManager: Mounting plugin PluginBrowser
LogPluginManager: Mounting plugin SpeedTreeImporter
LogPluginManager: Mounting plugin DatasmithContent
LogPluginManager: Mounting plugin VariantManagerContent
LogPluginManager: Mounting plugin AlembicImporter
LogPluginManager: Mounting plugin AppleImageUtils
LogPluginManager: Mounting plugin AppleVision
LogPluginManager: Mounting plugin BackChannel
LogPluginManager: Mounting plugin CharacterAI
LogPluginManager: Mounting plugin GeometryCache
LogPluginManager: Mounting plugin HTML5Networking
LogPluginManager: Mounting plugin ProxyLODPlugin
LogPluginManager: Mounting plugin MagicLeap
LogPluginManager: Mounting plugin MagicLeapMedia
LogPluginManager: Mounting plugin ParticleText
LogPluginManager: Mounting plugin AndroidMedia
LogPluginManager: Mounting plugin AvfMedia
LogPluginManager: Mounting plugin ImgMedia
LogPluginManager: Mounting plugin LinearTimecode
LogPluginManager: Mounting plugin MediaCompositing
LogPluginManager: Mounting plugin MediaPlayerEditor
LogPluginManager: Mounting plugin WebMMedia
LogPluginManager: Mounting plugin WmfMedia
LogPluginManager: Mounting plugin TcpMessaging
LogPluginManager: Mounting plugin UdpMessaging
LogPluginManager: Mounting plugin ActorSequence
LogPluginManager: Mounting plugin LevelSequenceEditor
LogPluginManager: Mounting plugin MatineeToLevelSequence
LogPluginManager: Mounting plugin NetcodeUnitTest
LogPluginManager: Mounting plugin NUTUnrealEngine4
LogPluginManager: Mounting plugin OnlineSubsystemGooglePlay
LogPluginManager: Mounting plugin OnlineSubsystemIOS
LogPluginManager: Mounting plugin OnlineSubsystem
LogPluginManager: Mounting plugin OnlineSubsystemNull
LogPluginManager: Mounting plugin OnlineSubsystemUtils
LogPluginManager: Mounting plugin LauncherChunkInstaller
LogPluginManager: Mounting plugin AndroidDeviceProfileSelector
LogPluginManager: Mounting plugin AndroidMoviePlayer
LogPluginManager: Mounting plugin AndroidPermission
LogPluginManager: Mounting plugin AppleMoviePlayer
LogPluginManager: Mounting plugin ArchVisCharacter
LogPluginManager: Mounting plugin AudioCapture
LogPluginManager: Mounting plugin CableComponent
LogPluginManager: Mounting plugin CustomMeshComponent
LogPluginManager: Mounting plugin EditableMesh
LogPluginManager: Mounting plugin ExampleDeviceProfileSelector
LogPluginManager: Mounting plugin Firebase
LogPluginManager: Mounting plugin GoogleCloudMessaging
LogPluginManager: Mounting plugin IOSDeviceProfileSelector
LogPluginManager: Mounting plugin LinuxDeviceProfileSelector
LogPluginManager: Mounting plugin LocationServicesBPLibrary
LogPluginManager: Mounting plugin MobilePatchingUtils
LogPluginManager: Mounting plugin OculusVR
LogPluginManager: Mounting plugin PhysXVehicles
LogPluginManager: Mounting plugin ProceduralMeshComponent
LogPluginManager: Mounting plugin RuntimePhysXCooking
LogPluginManager: Mounting plugin SteamVR
LogPluginManager: Mounting plugin WebMMoviePlayer
LogPluginManager: Mounting plugin WindowsMoviePlayer
LogPluginManager: Mounting plugin UnrealEnginePython
LogPluginManager: Mounting plugin OpenVRExpansionPlugin
LogPluginManager: Mounting plugin VRExpansionPlugin
LogStreaming: Display: Took  0.073s to configure plugins.
LogInit: Using libcurl 7.55.1-DEV
LogInit:  - built for x86_64-pc-win32
LogInit:  - supports SSL with OpenSSL/1.0.2h
LogInit:  - supports HTTP deflate (compression) using libz 1.2.8
LogInit:  - other features:
LogInit:      CURL_VERSION_SSL
LogInit:      CURL_VERSION_LIBZ
LogInit:      CURL_VERSION_IPV6
LogInit:      CURL_VERSION_ASYNCHDNS
LogInit:      CURL_VERSION_LARGEFILE
LogInit:      CURL_VERSION_IDN
LogInit:  CurlRequestOptions (configurable via config and command line):
LogInit:  - bVerifyPeer = true  - Libcurl will verify peer certificate
LogInit:  - bUseHttpProxy = false  - Libcurl will NOT use HTTP proxy
LogInit:  - bDontReuseConnections = false  - Libcurl will reuse connections
LogInit:  - MaxHostConnections = 16  - Libcurl will limit the number of connections to a host
LogInit:  - LocalHostAddr = Default
LogInit:  - BufferSize = 65536
LogInit: WinSock: version 1.1 (2.2), MaxSocks=32767, MaxUdp=65467
LogInit: Build: ++UE4+Release-4.21-CL-4753647
LogInit: Engine Version: 4.21.2-4753647+++UE4+Release-4.21
LogInit: Compatible Engine Version: 4.21.0-4541578+++UE4+Release-4.21
LogInit: Net CL: 4541578
LogInit: OS: Windows 10 (), CPU: Intel(R) Core(TM) i9-9900K CPU @ 3.60GHz, GPU: NVIDIA GeForce RTX 2080
LogInit: Compiled (64-bit): Jan 19 2019 02:07:31
LogInit: Compiled with Visual C++: 19.13.26129.00
LogInit: Build Configuration: Development
LogInit: Branch Name: ++UE4+Release-4.21
LogInit: Command Line: 
LogInit: Base Directory: U:/UnrealEngine/UE_4.21/Engine/Binaries/Win64/
LogInit: Installed Engine Build: 1
LogDevObjectVersion: Number of dev versions registered: 22
LogDevObjectVersion:   Dev-Blueprints (B0D832E4-1F89-4F0D-ACCF-7EB736FD4AA2): 10
LogDevObjectVersion:   Dev-Build (E1C64328-A22C-4D53-A36C-8E866417BD8C): 0
LogDevObjectVersion:   Dev-Core (375EC13C-06E4-48FB-B500-84F0262A717E): 2
LogDevObjectVersion:   Dev-Editor (E4B068ED-F494-42E9-A231-DA0B2E46BB41): 26
LogDevObjectVersion:   Dev-Framework (CFFC743F-43B0-4480-9391-14DF171D2073): 34
LogDevObjectVersion:   Dev-Mobile (B02B49B5-BB20-44E9-A304-32B752E40360): 2
LogDevObjectVersion:   Dev-Networking (A4E4105C-59A1-49B5-A7C5-40C4547EDFEE): 0
LogDevObjectVersion:   Dev-Online (39C831C9-5AE6-47DC-9A44-9C173E1C8E7C): 0
LogDevObjectVersion:   Dev-Physics (78F01B33-EBEA-4F98-B9B4-84EACCB95AA2): 0
LogDevObjectVersion:   Dev-Platform (6631380F-2D4D-43E0-8009-CF276956A95A): 0
LogDevObjectVersion:   Dev-Rendering (12F88B9F-8875-4AFC-A67C-D90C383ABD29): 27
LogDevObjectVersion:   Dev-Sequencer (7B5AE74C-D270-4C10-A958-57980B212A5A): 9
LogDevObjectVersion:   Dev-VR (D7296918-1DD6-4BDD-9DE2-64A83CC13884): 2
LogDevObjectVersion:   Dev-LoadTimes (C2A15278-BFE7-4AFE-6C17-90FF531DF755): 1
LogDevObjectVersion:   Private-Geometry (6EACA3D4-40EC-4CC1-B786-8BED09428FC5): 3
LogDevObjectVersion:   Dev-AnimPhys (29E575DD-E0A3-4627-9D10-D276232CDCEA): 17
LogDevObjectVersion:   Dev-Anim (AF43A65D-7FD3-4947-9873-3E8ED9C1BB05): 2
LogDevObjectVersion:   Dev-ReflectionCapture (6B266CEC-1EC7-4B8F-A30B-E4D90942FC07): 1
LogDevObjectVersion:   Dev-Automation (0DF73D61-A23F-47EA-B727-89E90C41499A): 1
LogDevObjectVersion:   FortniteMain (601D1886-AC64-4F84-AA16-D3DE0DEAC7D6): 17
LogDevObjectVersion:   Dev-Enterprise (9DFFBCD6-494F-0158-E221-12823C92A888): 4
LogDevObjectVersion:   Dev-Niagara (F2AED0AC-9AFE-416F-8664-AA7FFA26D6FC): 1
LogStreaming: Display: Took  0.001s to delete old logs.
LogInit: Presizing for max 8388607 objects, including 0 objects not considered by GC, pre-allocating 0 bytes for permanent pool.
LogInit: Object subsystem initialized
LogConfig: Setting CVar [[con.DebugEarlyDefault:1]]
LogConfig: Setting CVar [[r.setres:1280x720]]
[2019.08.16-22.27.55:468][  0]LogConfig: Setting CVar [[r.VSync:0]]
[2019.08.16-22.27.55:468][  0]LogConfig: Setting CVar [[r.RHICmdBypass:0]]
[2019.08.16-22.27.55:468][  0]LogConfig: Applying CVar settings from Section [/Script/Engine.RendererSettings] File [U:/Unreal Projects/StarWarsVR-UE4-4.21/Saved/Config/Windows/Engine.ini]
[2019.08.16-22.27.55:469][  0]LogConfig: Setting CVar [[r.GPUCrashDebugging:0]]
[2019.08.16-22.27.55:469][  0]LogConfig: Setting CVar [[r.DefaultFeature.AmbientOcclusion:0]]
[2019.08.16-22.27.55:469][  0]LogConfig: Setting CVar [[r.DefaultFeature.AmbientOcclusionStaticFraction:0]]
[2019.08.16-22.27.55:469][  0]LogConfig: Setting CVar [[vr.InstancedStereo:1]]
[2019.08.16-22.27.55:469][  0]LogConfig: Setting CVar [[r.SeparateTranslucency:0]]
[2019.08.16-22.27.55:469][  0]LogConfig: Setting CVar [[r.HZBOcclusion:0]]
[2019.08.16-22.27.55:469][  0]LogConfig: Setting CVar [[r.SSR.MaxRoughness:0]]
[2019.08.16-22.27.55:469][  0]LogConfig: Setting CVar [[r.rhicmdbypass:0]]
[2019.08.16-22.27.55:469][  0]LogConfig: Applying CVar settings from Section [/Script/Engine.RendererOverrideSettings] File [U:/Unreal Projects/StarWarsVR-UE4-4.21/Saved/Config/Windows/Engine.ini]
[2019.08.16-22.27.55:469][  0]LogConfig: Applying CVar settings from Section [/Script/Engine.StreamingSettings] File [U:/Unreal Projects/StarWarsVR-UE4-4.21/Saved/Config/Windows/Engine.ini]
[2019.08.16-22.27.55:469][  0]LogConfig: Setting CVar [[s.MinBulkDataSizeForAsyncLoading:131072]]
[2019.08.16-22.27.55:469][  0]LogConfig: Setting CVar [[s.AsyncLoadingThreadEnabled:0]]
[2019.08.16-22.27.55:469][  0]LogConfig: Setting CVar [[s.EventDrivenLoaderEnabled:1]]
[2019.08.16-22.27.55:469][  0]LogConfig: Setting CVar [[s.WarnIfTimeLimitExceeded:0]]
[2019.08.16-22.27.55:469][  0]LogConfig: Setting CVar [[s.TimeLimitExceededMultiplier:1.5]]
[2019.08.16-22.27.55:469][  0]LogConfig: Setting CVar [[s.TimeLimitExceededMinTime:0.005]]
[2019.08.16-22.27.55:469][  0]LogConfig: Setting CVar [[s.UseBackgroundLevelStreaming:1]]
[2019.08.16-22.27.55:469][  0]LogConfig: Setting CVar [[s.PriorityAsyncLoadingExtraTime:15.0]]
[2019.08.16-22.27.55:469][  0]LogConfig: Setting CVar [[s.LevelStreamingActorsUpdateTimeLimit:5.0]]
[2019.08.16-22.27.55:469][  0]LogConfig: Setting CVar [[s.PriorityLevelStreamingActorsUpdateExtraTime:5.0]]
[2019.08.16-22.27.55:469][  0]LogConfig: Setting CVar [[s.LevelStreamingComponentsRegistrationGranularity:10]]
[2019.08.16-22.27.55:469][  0]LogConfig: Setting CVar [[s.UnregisterComponentsTimeLimit:1.0]]
[2019.08.16-22.27.55:469][  0]LogConfig: Setting CVar [[s.LevelStreamingComponentsUnregistrationGranularity:5]]
[2019.08.16-22.27.55:469][  0]LogConfig: Applying CVar settings from Section [/Script/Engine.GarbageCollectionSettings] File [U:/Unreal Projects/StarWarsVR-UE4-4.21/Saved/Config/Windows/Engine.ini]
[2019.08.16-22.27.55:469][  0]LogConfig: Setting CVar [[gc.MaxObjectsNotConsideredByGC:1]]
[2019.08.16-22.27.55:469][  0]LogConfig: Setting CVar [[gc.SizeOfPermanentObjectPool:0]]
[2019.08.16-22.27.55:469][  0]LogConfig: Setting CVar [[gc.FlushStreamingOnGC:0]]
[2019.08.16-22.27.55:469][  0]LogConfig: Setting CVar [[gc.NumRetriesBeforeForcingGC:10]]
[2019.08.16-22.27.55:469][  0]LogConfig: Setting CVar [[gc.AllowParallelGC:1]]
[2019.08.16-22.27.55:469][  0]LogConfig: Setting CVar [[gc.TimeBetweenPurgingPendingKillObjects:61.1]]
[2019.08.16-22.27.55:469][  0]LogConfig: Setting CVar [[gc.MaxObjectsInEditor:8388607]]
[2019.08.16-22.27.55:469][  0]LogConfig: Setting CVar [[gc.IncrementalBeginDestroyEnabled:1]]
[2019.08.16-22.27.55:469][  0]LogConfig: Setting CVar [[gc.CreateGCClusters:1]]
[2019.08.16-22.27.55:469][  0]LogConfig: Setting CVar [[gc.MergeGCClusters:0]]
[2019.08.16-22.27.55:469][  0]LogConfig: Setting CVar [[gc.MinGCClusterSize:5]]
[2019.08.16-22.27.55:469][  0]LogConfig: Setting CVar [[gc.ActorClusteringEnabled:0]]
[2019.08.16-22.27.55:469][  0]LogConfig: Setting CVar [[gc.BlueprintClusteringEnabled:0]]
[2019.08.16-22.27.55:469][  0]LogConfig: Setting CVar [[gc.UseDisregardForGCOnDedicatedServers:0]]
[2019.08.16-22.27.55:469][  0]LogConfig: Applying CVar settings from Section [/Script/Engine.NetworkSettings] File [U:/Unreal Projects/StarWarsVR-UE4-4.21/Saved/Config/Windows/Engine.ini]
[2019.08.16-22.27.55:469][  0]LogConfig: Applying CVar settings from Section [/Script/UnrealEd.CookerSettings] File [U:/Unreal Projects/StarWarsVR-UE4-4.21/Saved/Config/Windows/Engine.ini]
[2019.08.16-22.27.55:476][  0]LogConfig: Applying CVar settings from Section [ViewDistanceQuality@3] File [U:/Unreal Projects/StarWarsVR-UE4-4.21/Saved/Config/Windows/Scalability.ini]
[2019.08.16-22.27.55:476][  0]LogConfig: Setting CVar [[r.SkeletalMeshLODBias:0]]
[2019.08.16-22.27.55:476][  0]LogConfig: Setting CVar [[r.ViewDistanceScale:1.0]]
[2019.08.16-22.27.55:476][  0]LogConfig: Applying CVar settings from Section [AntiAliasingQuality@3] File [U:/Unreal Projects/StarWarsVR-UE4-4.21/Saved/Config/Windows/Scalability.ini]
[2019.08.16-22.27.55:477][  0]LogConfig: Setting CVar [[r.PostProcessAAQuality:3]]
[2019.08.16-22.27.55:477][  0]LogConfig: Applying CVar settings from Section [ShadowQuality@3] File [U:/Unreal Projects/StarWarsVR-UE4-4.21/Saved/Config/Windows/Scalability.ini]
[2019.08.16-22.27.55:477][  0]LogConfig: Setting CVar [[r.LightFunctionQuality:1]]
[2019.08.16-22.27.55:477][  0]LogConfig: Setting CVar [[r.ShadowQuality:5]]
[2019.08.16-22.27.55:477][  0]LogConfig: Setting CVar [[r.Shadow.CSM.MaxCascades:10]]
[2019.08.16-22.27.55:477][  0]LogConfig: Setting CVar [[r.Shadow.MaxResolution:2048]]
[2019.08.16-22.27.55:477][  0]LogConfig: Setting CVar [[r.Shadow.MaxCSMResolution:2048]]
[2019.08.16-22.27.55:477][  0]LogConfig: Setting CVar [[r.Shadow.RadiusThreshold:0.01]]
[2019.08.16-22.27.55:477][  0]LogConfig: Setting CVar [[r.Shadow.DistanceScale:1.0]]
[2019.08.16-22.27.55:477][  0]LogConfig: Setting CVar [[r.Shadow.CSM.TransitionScale:1.0]]
[2019.08.16-22.27.55:477][  0]LogConfig: Setting CVar [[r.Shadow.PreShadowResolutionFactor:1.0]]
[2019.08.16-22.27.55:477][  0]LogConfig: Setting CVar [[r.DistanceFieldShadowing:1]]
[2019.08.16-22.27.55:477][  0]LogConfig: Setting CVar [[r.DistanceFieldAO:1]]
[2019.08.16-22.27.55:477][  0]LogConfig: Setting CVar [[r.AOQuality:2]]
[2019.08.16-22.27.55:477][  0]LogConfig: Setting CVar [[r.VolumetricFog:1]]
[2019.08.16-22.27.55:477][  0]LogConfig: Setting CVar [[r.VolumetricFog.GridPixelSize:8]]
[2019.08.16-22.27.55:477][  0]LogConfig: Setting CVar [[r.VolumetricFog.GridSizeZ:128]]
[2019.08.16-22.27.55:477][  0]LogConfig: Setting CVar [[r.VolumetricFog.HistoryMissSupersampleCount:4]]
[2019.08.16-22.27.55:477][  0]LogConfig: Setting CVar [[r.LightMaxDrawDistanceScale:1]]
[2019.08.16-22.27.55:477][  0]LogConfig: Setting CVar [[r.CapsuleShadows:1]]
[2019.08.16-22.27.55:477][  0]LogConfig: Applying CVar settings from Section [PostProcessQuality@3] File [U:/Unreal Projects/StarWarsVR-UE4-4.21/Saved/Config/Windows/Scalability.ini]
[2019.08.16-22.27.55:477][  0]LogConfig: Setting CVar [[r.MotionBlurQuality:0]]
[2019.08.16-22.27.55:477][  0]LogConfig: Setting CVar [[r.AmbientOcclusionMipLevelFactor:0.4]]
[2019.08.16-22.27.55:477][  0]LogConfig: Setting CVar [[r.AmbientOcclusionMaxQuality:100]]
[2019.08.16-22.27.55:477][  0]LogConfig: Setting CVar [[r.AmbientOcclusionLevels:0]]
[2019.08.16-22.27.55:477][  0]LogConfig: Setting CVar [[r.AmbientOcclusionRadiusScale:1.0]]
[2019.08.16-22.27.55:477][  0]LogConfig: Setting CVar [[r.DepthOfFieldQuality:0]]
[2019.08.16-22.27.55:477][  0]LogConfig: Setting CVar [[r.RenderTargetPoolMin:400]]
[2019.08.16-22.27.55:477][  0]LogConfig: Setting CVar [[r.LensFlareQuality:0]]
[2019.08.16-22.27.55:477][  0]LogConfig: Setting CVar [[r.SceneColorFringeQuality:0]]
[2019.08.16-22.27.55:477][  0]LogConfig: Setting CVar [[r.EyeAdaptationQuality:2]]
[2019.08.16-22.27.55:477][  0]LogConfig: Setting CVar [[r.BloomQuality:1]]
[2019.08.16-22.27.55:477][  0]LogConfig: Setting CVar [[r.FastBlurThreshold:0]]
[2019.08.16-22.27.55:477][  0]LogConfig: Setting CVar [[r.Upscale.Quality:3]]
[2019.08.16-22.27.55:477][  0]LogConfig: Setting CVar [[r.Tonemapper.GrainQuantization:1]]
[2019.08.16-22.27.55:477][  0]LogConfig: Setting CVar [[r.LightShaftQuality:1]]
[2019.08.16-22.27.55:477][  0]LogConfig: Setting CVar [[r.Filter.SizeScale:1]]
[2019.08.16-22.27.55:477][  0]LogConfig: Setting CVar [[r.Tonemapper.Quality:5]]
[2019.08.16-22.27.55:477][  0]LogConfig: Setting CVar [[r.DOF.Gather.AccumulatorQuality:1        ; higher gathering accumulator quality]]
[2019.08.16-22.27.55:477][  0]LogConfig: Setting CVar [[r.DOF.Gather.PostfilterMethod:1          ; Median3x3 postfilering method]]
[2019.08.16-22.27.55:477][  0]LogConfig: Setting CVar [[r.DOF.Gather.EnableBokehSettings:0       ; no bokeh simulation when gathering]]
[2019.08.16-22.27.55:477][  0]LogConfig: Setting CVar [[r.DOF.Gather.RingCount:4                 ; medium number of samples when gathering]]
[2019.08.16-22.27.55:477][  0]LogConfig: Setting CVar [[r.DOF.Scatter.ForegroundCompositing:1    ; additive foreground scattering]]
[2019.08.16-22.27.55:477][  0]LogConfig: Setting CVar [[r.DOF.Scatter.BackgroundCompositing:2    ; additive background scattering]]
[2019.08.16-22.27.55:477][  0]LogConfig: Setting CVar [[r.DOF.Scatter.EnableBokehSettings:1      ; bokeh simulation when scattering]]
[2019.08.16-22.27.55:477][  0]LogConfig: Setting CVar [[r.DOF.Scatter.MaxSpriteRatio:0.1         ; only a maximum of 10% of scattered bokeh]]
[2019.08.16-22.27.55:477][  0]LogConfig: Setting CVar [[r.DOF.Recombine.Quality:1                ; cheap slight out of focus]]
[2019.08.16-22.27.55:477][  0]LogConfig: Setting CVar [[r.DOF.Recombine.EnableBokehSettings:0    ; no bokeh simulation on slight out of focus]]
[2019.08.16-22.27.55:477][  0]LogConfig: Setting CVar [[r.DOF.TemporalAAQuality:1                ; more stable temporal accumulation]]
[2019.08.16-22.27.55:477][  0]LogConfig: Setting CVar [[r.DOF.Kernel.MaxForegroundRadius:0.025]]
[2019.08.16-22.27.55:477][  0]LogConfig: Setting CVar [[r.DOF.Kernel.MaxBackgroundRadius:0.025]]
[2019.08.16-22.27.55:477][  0]LogConfig: Applying CVar settings from Section [TextureQuality@3] File [U:/Unreal Projects/StarWarsVR-UE4-4.21/Saved/Config/Windows/Scalability.ini]
[2019.08.16-22.27.55:477][  0]LogConfig: Setting CVar [[r.Streaming.MipBias:0]]
[2019.08.16-22.27.55:477][  0]LogConfig: Setting CVar [[r.Streaming.AmortizeCPUToGPUCopy:0]]
[2019.08.16-22.27.55:477][  0]LogConfig: Setting CVar [[r.Streaming.MaxNumTexturesToStreamPerFrame:0]]
[2019.08.16-22.27.55:477][  0]LogConfig: Setting CVar [[r.Streaming.Boost:1]]
[2019.08.16-22.27.55:477][  0]LogConfig: Setting CVar [[r.MaxAnisotropy:8]]
[2019.08.16-22.27.55:477][  0]LogConfig: Setting CVar [[r.Streaming.LimitPoolSizeToVRAM:0]]
[2019.08.16-22.27.55:477][  0]LogConfig: Setting CVar [[r.Streaming.PoolSize:1000]]
[2019.08.16-22.27.55:477][  0]LogConfig: Setting CVar [[r.Streaming.MaxEffectiveScreenSize:0]]
[2019.08.16-22.27.55:477][  0]LogConfig: Applying CVar settings from Section [EffectsQuality@3] File [U:/Unreal Projects/StarWarsVR-UE4-4.21/Saved/Config/Windows/Scalability.ini]
[2019.08.16-22.27.55:477][  0]LogConfig: Setting CVar [[r.TranslucencyLightingVolumeDim:4]]
[2019.08.16-22.27.55:477][  0]LogConfig: Setting CVar [[r.RefractionQuality:2]]
[2019.08.16-22.27.55:477][  0]LogConfig: Setting CVar [[r.SSR.Quality:0]]
[2019.08.16-22.27.55:477][  0]LogConfig: Setting CVar [[r.SceneColorFormat:2]]
[2019.08.16-22.27.55:477][  0]LogConfig: Setting CVar [[r.DetailMode:2]]
[2019.08.16-22.27.55:477][  0]LogConfig: Setting CVar [[r.TranslucencyVolumeBlur:0]]
[2019.08.16-22.27.55:477][  0]LogConfig: Setting CVar [[r.MaterialQualityLevel:1 ; High quality]]
[2019.08.16-22.27.55:477][  0]LogConfig: Setting CVar [[r.SSS.Scale:1]]
[2019.08.16-22.27.55:477][  0]LogConfig: Setting CVar [[r.SSS.SampleSet:2]]
[2019.08.16-22.27.55:477][  0]LogConfig: Setting CVar [[r.SSS.Quality:1]]
[2019.08.16-22.27.55:477][  0]LogConfig: Setting CVar [[r.SSS.HalfRes:1]]
[2019.08.16-22.27.55:477][  0]LogConfig: Setting CVar [[r.EmitterSpawnRateScale:1.0]]
[2019.08.16-22.27.55:477][  0]LogConfig: Setting CVar [[r.ParticleLightQuality:2]]
[2019.08.16-22.27.55:477][  0]LogConfig: Applying CVar settings from Section [FoliageQuality@3] File [U:/Unreal Projects/StarWarsVR-UE4-4.21/Saved/Config/Windows/Scalability.ini]
[2019.08.16-22.27.55:477][  0]LogConfig: Setting CVar [[foliage.DensityScale:1.0]]
[2019.08.16-22.27.55:477][  0]LogConfig: Setting CVar [[grass.DensityScale:1.0]]
[2019.08.16-22.27.55:478][  0]LogInit: Selected Device Profile: [Windows]
[2019.08.16-22.27.55:478][  0]LogInit: Applying CVar settings loaded from the selected device profile: [Windows]
[2019.08.16-22.27.55:496][  0]LogHAL: Display: Platform has ~ 16 GB [17104732160 / 17179869184 / 16], which maps to Larger [LargestMinGB=32, LargerMinGB=12, DefaultMinGB=8, SmallerMinGB=6, SmallestMinGB=0)
[2019.08.16-22.27.55:496][  0]LogConfig: Setting CVar [[r.Vulkan.UseRealUBs:1]]
[2019.08.16-22.27.55:496][  0]LogInit: Going up to parent DeviceProfile []
[2019.08.16-22.27.55:496][  0]LogConfig: Applying CVar settings from Section [ViewDistanceQuality@3] File [U:/Unreal Projects/StarWarsVR-UE4-4.21/Saved/Config/Windows/Scalability.ini]
[2019.08.16-22.27.55:496][  0]LogConfig: Setting CVar [[r.SkeletalMeshLODBias:0]]
[2019.08.16-22.27.55:496][  0]LogConfig: Setting CVar [[r.ViewDistanceScale:1.0]]
[2019.08.16-22.27.55:496][  0]LogConfig: Applying CVar settings from Section [AntiAliasingQuality@3] File [U:/Unreal Projects/StarWarsVR-UE4-4.21/Saved/Config/Windows/Scalability.ini]
[2019.08.16-22.27.55:496][  0]LogConfig: Setting CVar [[r.PostProcessAAQuality:3]]
[2019.08.16-22.27.55:496][  0]LogConfig: Applying CVar settings from Section [ShadowQuality@3] File [U:/Unreal Projects/StarWarsVR-UE4-4.21/Saved/Config/Windows/Scalability.ini]
[2019.08.16-22.27.55:496][  0]LogConfig: Setting CVar [[r.LightFunctionQuality:1]]
[2019.08.16-22.27.55:496][  0]LogConfig: Setting CVar [[r.ShadowQuality:5]]
[2019.08.16-22.27.55:496][  0]LogConfig: Setting CVar [[r.Shadow.CSM.MaxCascades:10]]
[2019.08.16-22.27.55:496][  0]LogConfig: Setting CVar [[r.Shadow.MaxResolution:2048]]
[2019.08.16-22.27.55:496][  0]LogConfig: Setting CVar [[r.Shadow.MaxCSMResolution:2048]]
[2019.08.16-22.27.55:496][  0]LogConfig: Setting CVar [[r.Shadow.RadiusThreshold:0.01]]
[2019.08.16-22.27.55:496][  0]LogConfig: Setting CVar [[r.Shadow.DistanceScale:1.0]]
[2019.08.16-22.27.55:496][  0]LogConfig: Setting CVar [[r.Shadow.CSM.TransitionScale:1.0]]
[2019.08.16-22.27.55:496][  0]LogConfig: Setting CVar [[r.Shadow.PreShadowResolutionFactor:1.0]]
[2019.08.16-22.27.55:496][  0]LogConfig: Setting CVar [[r.DistanceFieldShadowing:1]]
[2019.08.16-22.27.55:496][  0]LogConfig: Setting CVar [[r.DistanceFieldAO:1]]
[2019.08.16-22.27.55:496][  0]LogConfig: Setting CVar [[r.AOQuality:2]]
[2019.08.16-22.27.55:496][  0]LogConfig: Setting CVar [[r.VolumetricFog:1]]
[2019.08.16-22.27.55:497][  0]LogConfig: Setting CVar [[r.VolumetricFog.GridPixelSize:8]]
[2019.08.16-22.27.55:497][  0]LogConfig: Setting CVar [[r.VolumetricFog.GridSizeZ:128]]
[2019.08.16-22.27.55:497][  0]LogConfig: Setting CVar [[r.VolumetricFog.HistoryMissSupersampleCount:4]]
[2019.08.16-22.27.55:497][  0]LogConfig: Setting CVar [[r.LightMaxDrawDistanceScale:1]]
[2019.08.16-22.27.55:497][  0]LogConfig: Setting CVar [[r.CapsuleShadows:1]]
[2019.08.16-22.27.55:497][  0]LogConfig: Applying CVar settings from Section [PostProcessQuality@3] File [U:/Unreal Projects/StarWarsVR-UE4-4.21/Saved/Config/Windows/Scalability.ini]
[2019.08.16-22.27.55:497][  0]LogConfig: Setting CVar [[r.MotionBlurQuality:0]]
[2019.08.16-22.27.55:497][  0]LogConfig: Setting CVar [[r.AmbientOcclusionMipLevelFactor:0.4]]
[2019.08.16-22.27.55:497][  0]LogConfig: Setting CVar [[r.AmbientOcclusionMaxQuality:100]]
[2019.08.16-22.27.55:497][  0]LogConfig: Setting CVar [[r.AmbientOcclusionLevels:0]]
[2019.08.16-22.27.55:497][  0]LogConfig: Setting CVar [[r.AmbientOcclusionRadiusScale:1.0]]
[2019.08.16-22.27.55:497][  0]LogConfig: Setting CVar [[r.DepthOfFieldQuality:0]]
[2019.08.16-22.27.55:497][  0]LogConfig: Setting CVar [[r.RenderTargetPoolMin:400]]
[2019.08.16-22.27.55:497][  0]LogConfig: Setting CVar [[r.LensFlareQuality:0]]
[2019.08.16-22.27.55:497][  0]LogConfig: Setting CVar [[r.SceneColorFringeQuality:0]]
[2019.08.16-22.27.55:497][  0]LogConfig: Setting CVar [[r.EyeAdaptationQuality:2]]
[2019.08.16-22.27.55:497][  0]LogConfig: Setting CVar [[r.BloomQuality:1]]
[2019.08.16-22.27.55:497][  0]LogConfig: Setting CVar [[r.FastBlurThreshold:0]]
[2019.08.16-22.27.55:497][  0]LogConfig: Setting CVar [[r.Upscale.Quality:3]]
[2019.08.16-22.27.55:497][  0]LogConfig: Setting CVar [[r.Tonemapper.GrainQuantization:1]]
[2019.08.16-22.27.55:497][  0]LogConfig: Setting CVar [[r.LightShaftQuality:1]]
[2019.08.16-22.27.55:497][  0]LogConfig: Setting CVar [[r.Filter.SizeScale:1]]
[2019.08.16-22.27.55:497][  0]LogConfig: Setting CVar [[r.Tonemapper.Quality:5]]
[2019.08.16-22.27.55:497][  0]LogConfig: Setting CVar [[r.DOF.Gather.AccumulatorQuality:1        ; higher gathering accumulator quality]]
[2019.08.16-22.27.55:497][  0]LogConfig: Setting CVar [[r.DOF.Gather.PostfilterMethod:1          ; Median3x3 postfilering method]]
[2019.08.16-22.27.55:497][  0]LogConfig: Setting CVar [[r.DOF.Gather.EnableBokehSettings:0       ; no bokeh simulation when gathering]]
[2019.08.16-22.27.55:497][  0]LogConfig: Setting CVar [[r.DOF.Gather.RingCount:4                 ; medium number of samples when gathering]]
[2019.08.16-22.27.55:497][  0]LogConfig: Setting CVar [[r.DOF.Scatter.ForegroundCompositing:1    ; additive foreground scattering]]
[2019.08.16-22.27.55:497][  0]LogConfig: Setting CVar [[r.DOF.Scatter.BackgroundCompositing:2    ; additive background scattering]]
[2019.08.16-22.27.55:497][  0]LogConfig: Setting CVar [[r.DOF.Scatter.EnableBokehSettings:1      ; bokeh simulation when scattering]]
[2019.08.16-22.27.55:497][  0]LogConfig: Setting CVar [[r.DOF.Scatter.MaxSpriteRatio:0.1         ; only a maximum of 10% of scattered bokeh]]
[2019.08.16-22.27.55:497][  0]LogConfig: Setting CVar [[r.DOF.Recombine.Quality:1                ; cheap slight out of focus]]
[2019.08.16-22.27.55:497][  0]LogConfig: Setting CVar [[r.DOF.Recombine.EnableBokehSettings:0    ; no bokeh simulation on slight out of focus]]
[2019.08.16-22.27.55:497][  0]LogConfig: Setting CVar [[r.DOF.TemporalAAQuality:1                ; more stable temporal accumulation]]
[2019.08.16-22.27.55:497][  0]LogConfig: Setting CVar [[r.DOF.Kernel.MaxForegroundRadius:0.025]]
[2019.08.16-22.27.55:497][  0]LogConfig: Setting CVar [[r.DOF.Kernel.MaxBackgroundRadius:0.025]]
[2019.08.16-22.27.55:497][  0]LogConfig: Applying CVar settings from Section [TextureQuality@3] File [U:/Unreal Projects/StarWarsVR-UE4-4.21/Saved/Config/Windows/Scalability.ini]
[2019.08.16-22.27.55:497][  0]LogConfig: Setting CVar [[r.Streaming.MipBias:0]]
[2019.08.16-22.27.55:497][  0]LogConfig: Setting CVar [[r.Streaming.AmortizeCPUToGPUCopy:0]]
[2019.08.16-22.27.55:497][  0]LogConfig: Setting CVar [[r.Streaming.MaxNumTexturesToStreamPerFrame:0]]
[2019.08.16-22.27.55:497][  0]LogConfig: Setting CVar [[r.Streaming.Boost:1]]
[2019.08.16-22.27.55:497][  0]LogConfig: Setting CVar [[r.MaxAnisotropy:8]]
[2019.08.16-22.27.55:497][  0]LogConfig: Setting CVar [[r.Streaming.LimitPoolSizeToVRAM:0]]
[2019.08.16-22.27.55:497][  0]LogConfig: Setting CVar [[r.Streaming.PoolSize:1000]]
[2019.08.16-22.27.55:497][  0]LogConfig: Setting CVar [[r.Streaming.MaxEffectiveScreenSize:0]]
[2019.08.16-22.27.55:497][  0]LogConfig: Applying CVar settings from Section [EffectsQuality@3] File [U:/Unreal Projects/StarWarsVR-UE4-4.21/Saved/Config/Windows/Scalability.ini]
[2019.08.16-22.27.55:497][  0]LogConfig: Setting CVar [[r.TranslucencyLightingVolumeDim:4]]
[2019.08.16-22.27.55:497][  0]LogConfig: Setting CVar [[r.RefractionQuality:2]]
[2019.08.16-22.27.55:497][  0]LogConfig: Setting CVar [[r.SSR.Quality:0]]
[2019.08.16-22.27.55:497][  0]LogConfig: Setting CVar [[r.SceneColorFormat:2]]
[2019.08.16-22.27.55:497][  0]LogConfig: Setting CVar [[r.DetailMode:2]]
[2019.08.16-22.27.55:497][  0]LogConfig: Setting CVar [[r.TranslucencyVolumeBlur:0]]
[2019.08.16-22.27.55:497][  0]LogConfig: Setting CVar [[r.MaterialQualityLevel:1 ; High quality]]
[2019.08.16-22.27.55:497][  0]LogConfig: Setting CVar [[r.SSS.Scale:1]]
[2019.08.16-22.27.55:497][  0]LogConfig: Setting CVar [[r.SSS.SampleSet:2]]
[2019.08.16-22.27.55:497][  0]LogConfig: Setting CVar [[r.SSS.Quality:1]]
[2019.08.16-22.27.55:497][  0]LogConfig: Setting CVar [[r.SSS.HalfRes:1]]
[2019.08.16-22.27.55:497][  0]LogConfig: Setting CVar [[r.EmitterSpawnRateScale:1.0]]
[2019.08.16-22.27.55:497][  0]LogConfig: Setting CVar [[r.ParticleLightQuality:2]]
[2019.08.16-22.27.55:497][  0]LogConfig: Applying CVar settings from Section [FoliageQuality@3] File [U:/Unreal Projects/StarWarsVR-UE4-4.21/Saved/Config/Windows/Scalability.ini]
[2019.08.16-22.27.55:497][  0]LogConfig: Setting CVar [[foliage.DensityScale:1.0]]
[2019.08.16-22.27.55:497][  0]LogConfig: Setting CVar [[grass.DensityScale:1.0]]
[2019.08.16-22.27.55:497][  0]LogConfig: Applying CVar settings from Section [Startup] File [../../../Engine/Config/ConsoleVariables.ini]
[2019.08.16-22.27.55:500][  0]LogConfig: Setting CVar [[net.UseAdaptiveNetUpdateFrequency:0]]
[2019.08.16-22.27.55:500][  0]LogConfig: Applying CVar settings from Section [ConsoleVariables] File [U:/Unreal Projects/StarWarsVR-UE4-4.21/Saved/Config/Windows/Engine.ini]
[2019.08.16-22.27.55:501][  0]LogInit: Computer: DESKTOP-G3P6UN7
[2019.08.16-22.27.55:501][  0]LogInit: User: stott
[2019.08.16-22.27.55:501][  0]LogInit: CPU Page size=4096, Cores=8
[2019.08.16-22.27.55:501][  0]LogInit: High frequency timer resolution =10.000000 MHz
[2019.08.16-22.27.55:501][  0]LogMemory: Memory total: Physical=15.9GB (16GB approx)
[2019.08.16-22.27.55:501][  0]LogMemory: Platform Memory Stats for Windows
[2019.08.16-22.27.55:501][  0]LogMemory: Process Physical Memory: 107.30 MB used, 107.30 MB peak
[2019.08.16-22.27.55:501][  0]LogMemory: Process Virtual Memory: 105.47 MB used, 105.47 MB peak
[2019.08.16-22.27.55:501][  0]LogMemory: Physical Memory: 4449.75 MB used,  11862.59 MB free, 16312.34 MB total
[2019.08.16-22.27.55:501][  0]LogMemory: Virtual Memory: 4696.98 MB used,  134213032.00 MB free, 134217728.00 MB total
[2019.08.16-22.27.55:854][  0]LogInit: Using OS detected language (en-US).
[2019.08.16-22.27.55:854][  0]LogInit: Using OS detected locale (en-US).
[2019.08.16-22.27.55:857][  0]LogTextLocalizationManager: No specific localization for 'en-US' exists, so the 'en' localization will be used.
[2019.08.16-22.27.56:283][  0]LogStreaming: Display: Took  0.428s to InitEngineTextLocalization.
[2019.08.16-22.27.56:283][  0]LogInit: Setting process to per monitor DPI aware
[2019.08.16-22.27.56:385][  0]LogSlate: New Slate User Created.  User Index 0, Is Virtual User: 0
[2019.08.16-22.27.56:385][  0]LogSlate: Slate User Registered.  User Index 0, Is Virtual User: 0
[2019.08.16-22.28.00:929][  0]LogD3D11RHI: D3D11 adapters:
[2019.08.16-22.28.00:989][  0]LogD3D11RHI:    0. 'NVIDIA GeForce RTX 2080' (Feature Level 11_0)
[2019.08.16-22.28.00:989][  0]LogD3D11RHI:       8010/0/8156 MB DedicatedVideo/DedicatedSystem/SharedSystem, Outputs:2, VendorId:0x10de
[2019.08.16-22.28.01:064][  0]LogD3D11RHI:    1. 'Microsoft Basic Render Driver' (Feature Level 11_0)
[2019.08.16-22.28.01:064][  0]LogD3D11RHI:       0/0/8156 MB DedicatedVideo/DedicatedSystem/SharedSystem, Outputs:0, VendorId:0x1414
[2019.08.16-22.28.01:064][  0]LogD3D11RHI: Chosen D3D11 Adapter: 0
[2019.08.16-22.28.01:072][  0]LogD3D11RHI: Creating new Direct3DDevice
[2019.08.16-22.28.01:072][  0]LogD3D11RHI:     GPU DeviceId: 0x1e87 (for the marketing name, search the web for "GPU Device Id")
[2019.08.16-22.28.01:072][  0]LogWindows: EnumDisplayDevices:
[2019.08.16-22.28.01:072][  0]LogWindows:    0. 'NVIDIA GeForce RTX 2080' (P:0 D:1)
[2019.08.16-22.28.01:073][  0]LogWindows:    1. 'NVIDIA GeForce RTX 2080' (P:1 D:1)
[2019.08.16-22.28.01:073][  0]LogWindows:    2. 'NVIDIA GeForce RTX 2080' (P:0 D:0)
[2019.08.16-22.28.01:073][  0]LogWindows:    3. 'NVIDIA GeForce RTX 2080' (P:0 D:0)
[2019.08.16-22.28.01:073][  0]LogWindows: DebugString: FoundDriverCount:4 
[2019.08.16-22.28.01:073][  0]LogD3D11RHI:     Adapter Name: NVIDIA GeForce RTX 2080
[2019.08.16-22.28.01:074][  0]LogD3D11RHI:   Driver Version: 431.36 (internal:26.21.14.3136, unified:431.36)
[2019.08.16-22.28.01:074][  0]LogD3D11RHI:      Driver Date: 7-3-2019
[2019.08.16-22.28.01:074][  0]LogRHI: Texture pool is 5607 MB (70% of 8010 MB)
[2019.08.16-22.28.01:130][  0]LogD3D11RHI: Async texture creation enabled
[2019.08.16-22.28.01:204][  0]LogD3D11RHI: GPU Timing Frequency: 1000.000000 (Debug: 2 1)
[2019.08.16-22.28.01:248][  0]LogD3D11RHI: HDR output is supported on display 0 (NvId: 0x80061086).
[2019.08.16-22.28.02:100][  0]LogTemp: Display: Loaded TP AllDesktopTargetPlatform
[2019.08.16-22.28.02:133][  0]LogTemp: Display: Loaded TP MacClientTargetPlatform
[2019.08.16-22.28.02:153][  0]LogTemp: Display: Loaded TP MacNoEditorTargetPlatform
[2019.08.16-22.28.02:171][  0]LogTemp: Display: Loaded TP MacServerTargetPlatform
[2019.08.16-22.28.02:192][  0]LogTemp: Display: Loaded TP MacTargetPlatform
[2019.08.16-22.28.02:216][  0]LogTemp: Display: Loaded TP WindowsClientTargetPlatform
[2019.08.16-22.28.02:241][  0]LogTemp: Display: Loaded TP WindowsNoEditorTargetPlatform
[2019.08.16-22.28.02:263][  0]LogTemp: Display: Loaded TP WindowsServerTargetPlatform
[2019.08.16-22.28.02:276][  0]LogTemp: Display: Loaded TP WindowsTargetPlatform
[2019.08.16-22.28.02:344][  0]LogTemp: Display: Loaded TP AndroidTargetPlatform
[2019.08.16-22.28.02:344][  0]LogTemp: Display: Loaded TP AndroidTargetPlatform
[2019.08.16-22.28.02:344][  0]LogTemp: Display: Loaded TP AndroidTargetPlatform
[2019.08.16-22.28.02:344][  0]LogTemp: Display: Loaded TP AndroidTargetPlatform
[2019.08.16-22.28.02:344][  0]LogTemp: Display: Loaded TP AndroidTargetPlatform
[2019.08.16-22.28.02:344][  0]LogTemp: Display: Loaded TP AndroidTargetPlatform
[2019.08.16-22.28.02:344][  0]LogTemp: Display: Loaded TP AndroidTargetPlatform
[2019.08.16-22.28.02:344][  0]LogTemp: Display: Loaded TP AndroidTargetPlatform
[2019.08.16-22.28.02:344][  0]LogTemp: Display: Loaded TP AndroidTargetPlatform
[2019.08.16-22.28.02:344][  0]LogTemp: Display: Loaded TP AndroidTargetPlatform
[2019.08.16-22.28.02:344][  0]LogTemp: Display: Loaded TP AndroidTargetPlatform
[2019.08.16-22.28.02:344][  0]LogTemp: Display: Loaded TP AndroidTargetPlatform
[2019.08.16-22.28.02:344][  0]LogTemp: Display: Loaded TP AndroidTargetPlatform
[2019.08.16-22.28.02:344][  0]LogTemp: Display: Loaded TP AndroidTargetPlatform
[2019.08.16-22.28.02:344][  0]LogTemp: Display: Loaded TP AndroidTargetPlatform
[2019.08.16-22.28.02:344][  0]LogTemp: Display: Loaded TP AndroidTargetPlatform
[2019.08.16-22.28.02:344][  0]LogTemp: Display: Loaded TP AndroidTargetPlatform
[2019.08.16-22.28.02:344][  0]LogTemp: Display: Loaded TP AndroidTargetPlatform
[2019.08.16-22.28.02:417][  0]LogTemp: Display: Loaded TP HTML5TargetPlatform
[2019.08.16-22.28.02:499][  0]LogTemp: Display: Loaded TP IOSTargetPlatform
[2019.08.16-22.28.02:499][  0]LogTemp: Display: Loaded TP IOSTargetPlatform
[2019.08.16-22.28.02:523][  0]LogTemp: Display: Loaded TP TVOSTargetPlatform
[2019.08.16-22.28.02:523][  0]LogTemp: Display: Loaded TP TVOSTargetPlatform
[2019.08.16-22.28.02:539][  0]LogTemp: Display: Loaded TP LinuxClientTargetPlatform
[2019.08.16-22.28.02:556][  0]LogTemp: Display: Loaded TP LinuxNoEditorTargetPlatform
[2019.08.16-22.28.02:596][  0]LogTemp: Display: Loaded TP LinuxServerTargetPlatform
[2019.08.16-22.28.02:618][  0]LogTemp: Display: Loaded TP LinuxTargetPlatform
[2019.08.16-22.28.02:660][  0]LogTemp: Display: Loaded TP LuminTargetPlatform
[2019.08.16-22.28.02:660][  0]LogTemp: Display: Loaded TP LuminTargetPlatform
[2019.08.16-22.28.02:660][  0]LogTargetPlatformManager: Display: Building Assets For Windows
[2019.08.16-22.28.03:038][  0]LogShaderCompilers: Guid format shader working directory is -4 characters bigger than the processId version (../../../../../Unreal Projects/StarWarsVR-UE4-4.21/Intermediate/Shaders/WorkingDirectory/6632/).
[2019.08.16-22.28.03:038][  0]LogShaderCompilers: Cleaned the shader compiler working directory 'C:/Users/stott/AppData/Local/Temp/UnrealShaderWorkingDir/EBDEC3E44514D5957BDB9CB9063EC743/'.
[2019.08.16-22.28.03:045][  0]LogXGEController: Cleaning working directory: C:/Users/stott/AppData/Local/Temp/UnrealXGEWorkingDir/
[2019.08.16-22.28.03:045][  0]LogXGEController: Cannot use XGE Controller as Incredibuild is not installed on this machine.
[2019.08.16-22.28.03:045][  0]LogShaderCompilers: Cannot use XGE Shader Compiler as Incredibuild is not installed on this machine.
[2019.08.16-22.28.03:045][  0]LogShaderCompilers: Display: Using Local Shader Compiler.
[2019.08.16-22.28.04:551][  0]LogDerivedDataCache: Display: Max Cache Size: 512 MB
[2019.08.16-22.28.04:730][  0]LogDerivedDataCache: Loaded boot cache 0.18s 72MB C:/Users/stott/AppData/Local/UnrealEngine/4.21/DerivedDataCache/Boot.ddc.
[2019.08.16-22.28.04:730][  0]LogDerivedDataCache: Display: Loaded Boot cache: C:/Users/stott/AppData/Local/UnrealEngine/4.21/DerivedDataCache/Boot.ddc
[2019.08.16-22.28.04:730][  0]LogDerivedDataCache: FDerivedDataBackendGraph:  Pak pak cache file ../../../../../Unreal Projects/StarWarsVR-UE4-4.21/DerivedDataCache/DDC.ddp not found, will not use a pak cache.
[2019.08.16-22.28.04:730][  0]LogDerivedDataCache: Unable to find inner node Pak for hierarchical cache Hierarchy.
[2019.08.16-22.28.04:730][  0]LogDerivedDataCache: FDerivedDataBackendGraph:  CompressedPak pak cache file ../../../../../Unreal Projects/StarWarsVR-UE4-4.21/DerivedDataCache/Compressed.ddp not found, will not use a pak cache.
[2019.08.16-22.28.04:730][  0]LogDerivedDataCache: Unable to find inner node CompressedPak for hierarchical cache Hierarchy.
[2019.08.16-22.28.04:770][  0]LogDerivedDataCache: Display: Pak cache opened for reading ../../../Engine/DerivedDataCache/Compressed.ddp.
[2019.08.16-22.28.04:771][  0]LogDerivedDataCache: FDerivedDataBackendGraph:  EnterprisePak pak cache file ../../../Enterprise/DerivedDataCache/Compressed.ddp not found, will not use a pak cache.
[2019.08.16-22.28.04:771][  0]LogDerivedDataCache: Unable to find inner node EnterprisePak for hierarchical cache Hierarchy.
[2019.08.16-22.28.04:783][  0]LogDerivedDataCache: Using Local data cache path C:/Users/stott/AppData/Local/UnrealEngine/Common/DerivedDataCache: Writable
[2019.08.16-22.28.04:783][  0]LogDerivedDataCache: Shared data cache path not found in *engine.ini, will not use an Shared cache.
[2019.08.16-22.28.04:783][  0]LogDerivedDataCache: Unable to find inner node Shared for hierarchical cache Hierarchy.
[2019.08.16-22.28.04:807][  0]LogMaterial: Verifying Global Shaders for PCD3D_SM5
[2019.08.16-22.28.04:818][  0]LogSlate: Using FreeType 2.6.0
[2019.08.16-22.28.04:830][  0]LogSlate: SlateFontServices - WITH_FREETYPE: 1, WITH_HARFBUZZ: 1
[2019.08.16-22.28.05:099][  0]LogAssetRegistry: FAssetRegistry took 0.0329 seconds to start up
[2019.08.16-22.28.05:950][  0]LogInit: Selected Device Profile: [Windows]
[2019.08.16-22.28.06:431][  0]LogSimplygon: Simplygon DLL not present - disabling.
[2019.08.16-22.28.06:466][  0]LogMeshReduction: Using SimplygonSwarm for distributed automatic mesh merging
[2019.08.16-22.28.06:467][  0]LogMeshReduction: Using ProxyLODMeshReduction for automatic mesh merging
[2019.08.16-22.28.06:468][  0]LogMeshReduction: Using QuadricMeshReduction for automatic static mesh reduction
[2019.08.16-22.28.06:468][  0]LogMeshReduction: No automatic skeletal mesh reduction module available
[2019.08.16-22.28.06:718][  0]LogNetVersion: StarWarsVR 1.0.0, NetCL: 4541578, EngineNetVer: 5, GameNetVer: 0 (Checksum: 3577061868)
[2019.08.16-22.28.06:956][  0]LogNavigation: Error: [/Script/Engine.NavigationSystem] found in the DefaultEngine.ini file. This class has been moved. Please rename that section to [/Script/NavigationSystem.NavigationSystemV1]
[2019.08.16-22.28.08:023][  0]LogPackageLocalizationCache: Processed 12 localized package path(s) for 2 prioritized culture(s) in 0.076121 seconds
[2019.08.16-22.28.08:028][  0]LogUObjectArray: 39775 objects as part of root set at end of initial load.
[2019.08.16-22.28.08:028][  0]LogUObjectAllocator: 6914656 out of 0 bytes used by permanent object pool.
[2019.08.16-22.28.08:028][  0]LogUObjectArray: CloseDisregardForGC: 0/0 objects in disregard for GC pool
[2019.08.16-22.28.11:128][  0]LogTcpMessaging: Initializing TcpMessaging bridge
[2019.08.16-22.28.11:152][  0]LogUdpMessaging: Initializing bridge on interface 0.0.0.0:0 to multicast group 230.0.0.1:6666.
[2019.08.16-22.28.12:123][  0]SourceControl: Source control is disabled
[2019.08.16-22.28.13:506][  0]LogAndroidPermission: UAndroidPermissionCallbackProxy::GetInstance
[2019.08.16-22.28.13:797][  0]LogOcInput: OculusInput pre-init called
[2019.08.16-22.28.13:933][  0]LogPython: Python Scripts search path: ../../../../../Unreal Projects/StarWarsVR-UE4-4.21/Content/Scripts
[2019.08.16-22.28.13:933][  0]LogPython: Python Scripts search path: ../../../Engine/Plugins/UnrealEnginePython
[2019.08.16-22.28.13:933][  0]LogPython: Python VM initialized: 3.6.2 (v3.6.2:5fd33b5, Jul  8 2017, 04:57:36) [MSC v.1900 64 bit (AMD64)]
[2019.08.16-22.28.14:457][  0]LogPython: ####################----------Python Integration for Megascans Initialized----------####################
[2019.08.16-22.28.14:457][  0]LogPython: 

[2019.08.16-22.28.14:457][  0]LogPython: U:\UnrealEngine\UE_4.21\Engine\Plugins\UnrealEnginePython\
[2019.08.16-22.28.14:457][  0]LogPython: 

[2019.08.16-22.28.14:800][  0]LogPython: Megascans Integration - LiveLink Initialized...
[2019.08.16-22.28.14:800][  0]LogPython: 

[2019.08.16-22.28.14:803][  0]LogPython: ue_site Python module successfully imported
[2019.08.16-22.28.15:172][  0]LogEngine: Initializing Engine...
[2019.08.16-22.28.15:180][  0]LogHMD: SteamVR initialized.  Driver: lighthouse  Display: LHR-FCDAF386
[2019.08.16-22.28.15:204][  0]LogStats: UGameplayTagsManager::ConstructGameplayTagTree: ImportINI prefixes -  0.000 s
[2019.08.16-22.28.15:204][  0]LogStats: UGameplayTagsManager::ConstructGameplayTagTree: Construct from data asset -  0.000 s
[2019.08.16-22.28.15:204][  0]LogStats: UGameplayTagsManager::ConstructGameplayTagTree: ImportINI -  0.000 s
[2019.08.16-22.28.15:204][  0]LogStats: UGameplayTagsManager::ConstructGameplayTagTree: GameplayTagTreeChangedEvent.Broadcast -  0.000 s
[2019.08.16-22.28.15:584][  0]LogInit: Initializing FReadOnlyCVARCache
[2019.08.16-22.28.15:671][  0]LogAIModule: Creating AISystem for world Untitled
[2019.08.16-22.28.15:778][  0]LogInit: XAudio2 using 'Headset Earphone (HyperX Virtual Surround Sound)' : 2 channels at 48 kHz using 16 bits per sample (channel mask 0x3)
[2019.08.16-22.28.15:799][  0]LogInit: FAudioDevice initialized.
[2019.08.16-22.28.15:799][  0]LogNetVersion: Set ProjectVersion to 1.0.0.0. Version Checksum will be recalculated on next use.
[2019.08.16-22.28.15:860][  0]LogDerivedDataCache: Saved boot cache 0.06s 72MB C:/Users/stott/AppData/Local/UnrealEngine/4.21/DerivedDataCache/Boot.ddc.
[2019.08.16-22.28.15:869][  0]LogInit: Texture streaming: Enabled
[2019.08.16-22.28.15:921][  0]LogEngineSessionManager: EngineSessionManager initialized
[2019.08.16-22.28.16:064][  0]LogInit: Transaction tracking system initialized
[2019.08.16-22.28.16:193][  0]BlueprintLog: New page: Editor Load
[2019.08.16-22.28.16:738][  0]LocalizationService: Localization service is disabled
[2019.08.16-22.28.17:971][  0]LogCook: Display: Max memory allowance for cook 16384mb min free memory 0mb
[2019.08.16-22.28.17:971][  0]LogCook: Display: Mobile HDR setting 1
[2019.08.16-22.28.17:971][  0]LogGameplayTags: Display: UGameplayTagsManager::DoneAddingNativeTags. DelegateIsBound: 0
[2019.08.16-22.28.17:971][  0]LogStats: UGameplayTagsManager::ConstructGameplayTagTree: ImportINI prefixes -  0.000 s
[2019.08.16-22.28.17:971][  0]LogStats: UGameplayTagsManager::ConstructGameplayTagTree: Construct from data asset -  0.000 s
[2019.08.16-22.28.17:971][  0]LogStats: UGameplayTagsManager::ConstructGameplayTagTree: ImportINI -  0.000 s
[2019.08.16-22.28.17:971][  0]LogStats: UGameplayTagsManager::ConstructGameplayTagTree: GameplayTagTreeChangedEvent.Broadcast -  0.000 s
[2019.08.16-22.28.18:194][  0]LogFileCache: Scanning file cache for directory 'U:/Unreal Projects/StarWarsVR-UE4-4.21/Content/' took 0.03s
[2019.08.16-22.28.18:745][  0]Cmd: MAP LOAD FILE="../../../../../Unreal Projects/StarWarsVR-UE4-4.21/Content/Lightsaber/Maps/Test.umap" TEMPLATE=0 SHOWPROGRESS=1 FEATURELEVEL=3
[2019.08.16-22.28.18:750][  0]LightingResults: New page: Lighting Build
[2019.08.16-22.28.18:789][  0]MapCheck: New page: Map Check
[2019.08.16-22.28.18:789][  0]LightingResults: New page: Lighting Build
[2019.08.16-22.28.19:737][  0]LogBlueprint: Warning: [Compiler BP_MotionController] Set Hand  is deprecated; please replace or remove it.
[2019.08.16-22.28.19:738][  0]LogBlueprint: Warning: [Compiler BP_MotionController] Set Hand  is deprecated; Please use the Motion Source property instead of Hand
[2019.08.16-22.28.19:764][  0]LogBlueprint: Warning: [Compiler BP_MotionController] [0031.30] Compile of BP_MotionController successful, but with 2 Warning(s) [in 46 ms] (/Game/Lightsaber/Blueprints/BP_MotionController.BP_MotionController)
[2019.08.16-22.28.22:074][  0]LogLinker: Warning: Can't find file '/Game/LandscapeStuff/Landscape(Sub-folder)/StarterContent/Materials/M_Basic_Wall'
[2019.08.16-22.28.22:074][  0]LogLinker: Warning: Can't find file for asset '/Game/LandscapeStuff/Landscape(Sub-folder)/StarterContent/Materials/M_Basic_Wall' while loading ../../../../../Unreal Projects/StarWarsVR-UE4-4.21/Content/StarterContent/Shapes/Shape_Cylinder.uasset.
[2019.08.16-22.28.22:074][  0]LoadErrors: Error: /Game/StarterContent/Shapes/Shape_Cylinder : Can't find file for asset. /Game/LandscapeStuff/Landscape(Sub-folder)/StarterContent/Materials/M_Basic_Wall
[2019.08.16-22.28.22:074][  0]LogLinker: Warning: Can't find file '/Game/LandscapeStuff/Landscape(Sub-folder)/StarterContent/Materials/M_Basic_Wall'
[2019.08.16-22.28.22:074][  0]LogLinker: Warning: Can't find file for asset '/Game/LandscapeStuff/Landscape(Sub-folder)/StarterContent/Materials/M_Basic_Wall' while loading ../../../../../Unreal Projects/StarWarsVR-UE4-4.21/Content/StarterContent/Shapes/Shape_Cylinder.uasset.
[2019.08.16-22.28.22:074][  0]LoadErrors: Error: /Game/StarterContent/Shapes/Shape_Cylinder : Can't find file for asset. /Game/LandscapeStuff/Landscape(Sub-folder)/StarterContent/Materials/M_Basic_Wall
[2019.08.16-22.28.23:031][  0]LogLinker: Warning: Can't find file '/Game/LandscapeStuff/Landscape(Sub-folder)/StarterContent/Materials/M_Basic_Wall'
[2019.08.16-22.28.23:031][  0]LoadErrors: Failed to load /Game/LandscapeStuff/Landscape(Sub-folder)/StarterContent/Materials/M_Basic_Wall.M_Basic_Wall Referenced by Shape_Cylinder
[2019.08.16-22.28.23:031][  0]LogLinker: Warning: Can't find file for asset '/Game/LandscapeStuff/Landscape(Sub-folder)/StarterContent/Materials/M_Basic_Wall' while loading NULL.
[2019.08.16-22.28.23:031][  0]LoadErrors: Failed to load /Game/LandscapeStuff/Landscape(Sub-folder)/StarterContent/Materials/M_Basic_Wall.M_Basic_Wall Referenced by Shape_Cylinder
[2019.08.16-22.28.23:031][  0]LogLinker: Warning: Can't find file '/Game/LandscapeStuff/Landscape(Sub-folder)/StarterContent/Materials/M_Basic_Wall'
[2019.08.16-22.28.23:031][  0]LoadErrors: Failed to load /Game/LandscapeStuff/Landscape(Sub-folder)/StarterContent/Materials/M_Basic_Wall.M_Basic_Wall Referenced by Shape_Cylinder
[2019.08.16-22.28.23:031][  0]LogLinker: Warning: Can't find file for asset '/Game/LandscapeStuff/Landscape(Sub-folder)/StarterContent/Materials/M_Basic_Wall' while loading NULL.
[2019.08.16-22.28.23:031][  0]LoadErrors: Failed to load /Game/LandscapeStuff/Landscape(Sub-folder)/StarterContent/Materials/M_Basic_Wall.M_Basic_Wall Referenced by Shape_Cylinder
[2019.08.16-22.28.23:273][  0]LoadErrors: Warning: Linear color curves now accurately handle RGB values > 1. If you were relying on HSV clamping, please update Curve_GoodSky_horizon_Color
[2019.08.16-22.28.23:273][  0]LoadErrors: Warning: Linear color curves now accurately handle RGB values > 1. If you were relying on HSV clamping, please update Curve_GoodSky_DomeColor
[2019.08.16-22.28.23:273][  0]LoadErrors: Warning: Linear color curves now accurately handle RGB values > 1. If you were relying on HSV clamping, please update Curve_GoodSky_BaseCloudColor
[2019.08.16-22.28.23:273][  0]LoadErrors: Warning: Linear color curves now accurately handle RGB values > 1. If you were relying on HSV clamping, please update Curve_GoodSky_AllOverlayColor
[2019.08.16-22.28.25:495][  0]LogAIModule: Creating AISystem for world Test
[2019.08.16-22.28.25:801][  0]LogEditorServer: Finished looking for orphan Actors (0.000 secs)
[2019.08.16-22.28.25:849][  0]Cmd: MAP CHECKDEP NOCLEARLOG
[2019.08.16-22.28.25:849][  0]MapCheck: Map check complete: 0 Error(s), 0 Warning(s), took 0.083ms to complete.
[2019.08.16-22.28.25:849][  0]LogFileHelpers: Loading map 'Test' took 7.108
[2019.08.16-22.28.26:019][  0]LogCollectionManager: Loaded 0 collections in 0.000594 seconds
[2019.08.16-22.28.26:053][  0]LogFileCache: Scanning file cache for directory 'U:/Unreal Projects/StarWarsVR-UE4-4.21/Saved/Collections/' took 0.01s
[2019.08.16-22.28.26:053][  0]LogFileCache: Scanning file cache for directory 'U:/Unreal Projects/StarWarsVR-UE4-4.21/Content/Developers/stott/Collections/' took 0.01s
[2019.08.16-22.28.26:053][  0]LogFileCache: Scanning file cache for directory 'U:/Unreal Projects/StarWarsVR-UE4-4.21/Content/Collections/' took 0.00s
[2019.08.16-22.28.26:053][  0]LogCollectionManager: Rebuilt the GUID cache for 0 collections in 0.000000 seconds
[2019.08.16-22.28.26:060][  0]LogContentBrowser: Native class hierarchy populated in 0.0066 seconds. Added 2727 classes and 641 folders.
[2019.08.16-22.28.26:083][  0]LogContentBrowser: Native class hierarchy updated for 'WidgetCarousel' in 0.0002 seconds. Added 0 classes and 0 folders.
[2019.08.16-22.28.26:090][  0]LogPakFile: Registered encryption key '00000000000000000000000000000000': 0 pak files mounted, 0 remain pending
[2019.08.16-22.28.26:096][  0]LogPakFile: Registered encryption key '00000000000000000000000000000000': 0 pak files mounted, 0 remain pending
[2019.08.16-22.28.26:106][  0]LogPakFile: Registered encryption key '00000000000000000000000000000000': 0 pak files mounted, 0 remain pending
[2019.08.16-22.28.26:111][  0]LogPakFile: Registered encryption key '00000000000000000000000000000000': 0 pak files mounted, 0 remain pending
[2019.08.16-22.28.26:115][  0]LogPakFile: Registered encryption key '00000000000000000000000000000000': 0 pak files mounted, 0 remain pending
[2019.08.16-22.28.26:119][  0]LogPakFile: Registered encryption key '00000000000000000000000000000000': 0 pak files mounted, 0 remain pending
[2019.08.16-22.28.26:123][  0]LogPakFile: Registered encryption key '00000000000000000000000000000000': 0 pak files mounted, 0 remain pending
[2019.08.16-22.28.26:127][  0]LogPakFile: Registered encryption key '00000000000000000000000000000000': 0 pak files mounted, 0 remain pending
[2019.08.16-22.28.26:131][  0]LogPakFile: Registered encryption key '00000000000000000000000000000000': 0 pak files mounted, 0 remain pending
[2019.08.16-22.28.26:136][  0]LogPakFile: Registered encryption key '00000000000000000000000000000000': 0 pak files mounted, 0 remain pending
[2019.08.16-22.28.26:140][  0]LogPakFile: Registered encryption key '00000000000000000000000000000000': 0 pak files mounted, 0 remain pending
[2019.08.16-22.28.26:144][  0]LogPakFile: Registered encryption key '00000000000000000000000000000000': 0 pak files mounted, 0 remain pending
[2019.08.16-22.28.26:148][  0]LogPakFile: Registered encryption key '00000000000000000000000000000000': 0 pak files mounted, 0 remain pending
[2019.08.16-22.28.26:152][  0]LogPakFile: Registered encryption key '00000000000000000000000000000000': 0 pak files mounted, 0 remain pending
[2019.08.16-22.28.26:156][  0]LogPakFile: Registered encryption key '00000000000000000000000000000000': 0 pak files mounted, 0 remain pending
[2019.08.16-22.28.26:160][  0]LogPakFile: Registered encryption key '00000000000000000000000000000000': 0 pak files mounted, 0 remain pending
[2019.08.16-22.28.26:175][  0]LogPakFile: Registered encryption key '00000000000000000000000000000000': 0 pak files mounted, 0 remain pending
[2019.08.16-22.28.26:180][  0]LogPakFile: Registered encryption key '00000000000000000000000000000000': 0 pak files mounted, 0 remain pending
[2019.08.16-22.28.26:184][  0]LogPakFile: Registered encryption key '00000000000000000000000000000000': 0 pak files mounted, 0 remain pending
[2019.08.16-22.28.26:190][  0]LogPakFile: Registered encryption key '00000000000000000000000000000000': 0 pak files mounted, 0 remain pending
[2019.08.16-22.28.26:208][  0]LogPakFile: Registered encryption key '00000000000000000000000000000000': 0 pak files mounted, 0 remain pending
[2019.08.16-22.28.26:213][  0]LogPakFile: Registered encryption key '00000000000000000000000000000000': 0 pak files mounted, 0 remain pending
[2019.08.16-22.28.26:217][  0]LogPakFile: Registered encryption key '00000000000000000000000000000000': 0 pak files mounted, 0 remain pending
[2019.08.16-22.28.26:222][  0]LogPakFile: Registered encryption key '00000000000000000000000000000000': 0 pak files mounted, 0 remain pending
[2019.08.16-22.28.26:226][  0]LogPakFile: Registered encryption key '00000000000000000000000000000000': 0 pak files mounted, 0 remain pending
[2019.08.16-22.28.26:230][  0]LogPakFile: Registered encryption key '00000000000000000000000000000000': 0 pak files mounted, 0 remain pending
[2019.08.16-22.28.26:360][  0]LogContentBrowser: Native class hierarchy updated for 'AddContentDialog' in 0.0002 seconds. Added 0 classes and 0 folders.
[2019.08.16-22.28.26:401][  0]LogSlate: Updating window title bar state: overlay mode, drag disabled, window buttons hidden, title bar hidden
[2019.08.16-22.28.26:407][  0]LogSlate: Updating window title bar state: overlay mode, drag disabled, window buttons hidden, title bar hidden
[2019.08.16-22.28.26:415][  0]LogSlate: Updating window title bar state: overlay mode, drag disabled, window buttons hidden, title bar hidden
[2019.08.16-22.28.26:420][  0]LogSlate: Updating window title bar state: overlay mode, drag disabled, window buttons hidden, title bar hidden
[2019.08.16-22.28.26:436][  0]LogContentBrowser: Native class hierarchy updated for 'SceneOutliner' in 0.0002 seconds. Added 1 classes and 2 folders.
[2019.08.16-22.28.26:884][  0]LogSlate: Took 0.004115 seconds to synchronously load lazily loaded font '../../../Engine/Content/Slate/Fonts/Roboto-Regular.ttf' (155K)
[2019.08.16-22.28.26:889][  0]LogSlate: Took 0.004133 seconds to synchronously load lazily loaded font '../../../Engine/Content/Editor/Slate/Fonts/FontAwesome.ttf' (139K)
[2019.08.16-22.28.26:904][  0]LogSlate: Took 0.015643 seconds to synchronously load lazily loaded font '../../../Engine/Content/Slate/Fonts/Roboto-Bold.ttf' (160K)
[2019.08.16-22.28.27:044][  0]LogRenderer: Reallocating scene render targets to support 1304x1280 Format 26 NumSamples 1 (Frame:1).
[2019.08.16-22.28.27:355][  0]LogContentBrowser: Native class hierarchy updated for 'HierarchicalLODOutliner' in 0.0002 seconds. Added 0 classes and 0 folders.
[2019.08.16-22.28.27:355][  0]LogLoad: (Engine Initialization) Total time: 38.89 seconds
[2019.08.16-22.28.27:355][  0]LogLoad: (Engine Initialization) Total Blueprint compile time: 0.00 seconds
[2019.08.16-22.28.27:423][  0]LogContentStreaming: Texture pool size now 1000 MB
[2019.08.16-22.28.27:486][  0]LogSlate: Took 0.053131 seconds to synchronously load lazily loaded font '../../../Engine/Content/Slate/Fonts/Roboto-Light.ttf' (167K)
[2019.08.16-22.28.27:797][  4]LogPython: tcp server spawned on 127.0.0.1:13428
[2019.08.16-22.28.28:109][  7]LogAssetRegistry: Asset discovery search completed in 23.0319 seconds
[2019.08.16-22.28.28:110][  7]LogCollectionManager: Rebuilt the object cache for 0 collections in 0.000000 seconds (found 0 objects)
[2019.08.16-22.28.28:110][  7]LogCollectionManager: Fixed up redirectors for 0 collections in 0.000042 seconds (updated 0 objects)
[2019.08.16-22.28.31:207][302]LogSlate: FSceneViewport::OnFocusLost() reason 0
[2019.08.16-22.28.31:450][321]LogAssetEditorManager: Opening Asset editor for AnimBlueprint /Game/BF2_Assets/Characters/Vader/VaderAnimBP.VaderAnimBP
[2019.08.16-22.28.31:511][321]LogContentBrowser: Native class hierarchy updated for 'SkeletonEditor' in 0.0002 seconds. Added 1 classes and 2 folders.
[2019.08.16-22.28.31:799][321]LogActorComponent: RegisterComponentWithWorld: (/Engine/Transient.World_4:PersistentLevel.AnimationEditorPreviewActor_0.DebugSkelMeshComponent_0) Already registered. Aborting.
[2019.08.16-22.28.31:806][321]LogContentBrowser: Native class hierarchy updated for 'PinnedCommandList' in 0.0002 seconds. Added 1 classes and 0 folders.
[2019.08.16-22.28.32:276][321]LogEnum: Warning: Enum name collision: 'BP_DemoDisplay_Enum::ROund' is in both '/Game/FXVarietyPack/EpicContent/Blueprints/BP_DemoDisplay_Enum.BP_DemoDisplay_Enum' and '/Game/ColorGrade_50LUTs/DemoRoom/BluePrint/BP_DemoDisplay_Enum.BP_DemoDisplay_Enum'
[2019.08.16-22.28.32:276][321]LogEnum: Warning: Enum name collision: 'BP_DemoDisplay_Enum::SquareL' is in both '/Game/FXVarietyPack/EpicContent/Blueprints/BP_DemoDisplay_Enum.BP_DemoDisplay_Enum' and '/Game/ColorGrade_50LUTs/DemoRoom/BluePrint/BP_DemoDisplay_Enum.BP_DemoDisplay_Enum'
[2019.08.16-22.28.32:276][321]LogEnum: Warning: Enum name collision: 'BP_DemoDisplay_Enum::RoomL' is in both '/Game/FXVarietyPack/EpicContent/Blueprints/BP_DemoDisplay_Enum.BP_DemoDisplay_Enum' and '/Game/ColorGrade_50LUTs/DemoRoom/BluePrint/BP_DemoDisplay_Enum.BP_DemoDisplay_Enum'
[2019.08.16-22.28.32:276][321]LogEnum: Warning: Enum name collision: 'BP_DemoDisplay_Enum::DescriptionOnly' is in both '/Game/FXVarietyPack/EpicContent/Blueprints/BP_DemoDisplay_Enum.BP_DemoDisplay_Enum' and '/Game/ColorGrade_50LUTs/DemoRoom/BluePrint/BP_DemoDisplay_Enum.BP_DemoDisplay_Enum'
[2019.08.16-22.28.32:276][321]LogEnum: Warning: Enum name collision: 'BP_DemoDisplay_Enum::NewEnumerator0' is in both '/Game/FXVarietyPack/EpicContent/Blueprints/BP_DemoDisplay_Enum.BP_DemoDisplay_Enum' and '/Game/ColorGrade_50LUTs/DemoRoom/BluePrint/BP_DemoDisplay_Enum.BP_DemoDisplay_Enum'
[2019.08.16-22.28.32:276][321]LogEnum: Warning: Enum name collision: 'BP_DemoDisplay_Enum::BP_DemoDisplay_MAX' is in both '/Game/FXVarietyPack/EpicContent/Blueprints/BP_DemoDisplay_Enum.BP_DemoDisplay_Enum' and '/Game/ColorGrade_50LUTs/DemoRoom/BluePrint/BP_DemoDisplay_Enum.BP_DemoDisplay_Enum'
[2019.08.16-22.28.32:276][321]LogEnum: Warning: Enum name collision: 'BP_DemoDisplay_Enum::ROund' is in both '/Game/FXVarietyPack/EpicContent/Blueprints/BP_DemoDisplay_Enum.BP_DemoDisplay_Enum' and '/Game/ColorGrade_50LUTs/DemoRoom/BluePrint/BP_DemoDisplay_Enum.BP_DemoDisplay_Enum'
[2019.08.16-22.28.32:276][321]LogEnum: Warning: Enum name collision: 'BP_DemoDisplay_Enum::SquareL' is in both '/Game/FXVarietyPack/EpicContent/Blueprints/BP_DemoDisplay_Enum.BP_DemoDisplay_Enum' and '/Game/ColorGrade_50LUTs/DemoRoom/BluePrint/BP_DemoDisplay_Enum.BP_DemoDisplay_Enum'
[2019.08.16-22.28.32:276][321]LogEnum: Warning: Enum name collision: 'BP_DemoDisplay_Enum::RoomL' is in both '/Game/FXVarietyPack/EpicContent/Blueprints/BP_DemoDisplay_Enum.BP_DemoDisplay_Enum' and '/Game/ColorGrade_50LUTs/DemoRoom/BluePrint/BP_DemoDisplay_Enum.BP_DemoDisplay_Enum'
[2019.08.16-22.28.32:276][321]LogEnum: Warning: Enum name collision: 'BP_DemoDisplay_Enum::DescriptionOnly' is in both '/Game/FXVarietyPack/EpicContent/Blueprints/BP_DemoDisplay_Enum.BP_DemoDisplay_Enum' and '/Game/ColorGrade_50LUTs/DemoRoom/BluePrint/BP_DemoDisplay_Enum.BP_DemoDisplay_Enum'
[2019.08.16-22.28.32:276][321]LogEnum: Warning: Enum name collision: 'BP_DemoDisplay_Enum::NewEnumerator0' is in both '/Game/FXVarietyPack/EpicContent/Blueprints/BP_DemoDisplay_Enum.BP_DemoDisplay_Enum' and '/Game/ColorGrade_50LUTs/DemoRoom/BluePrint/BP_DemoDisplay_Enum.BP_DemoDisplay_Enum'
[2019.08.16-22.28.32:280][321]LogEnum: Warning: Enum name collision: 'BP_DemoRoom_Enum::Standard' is in both '/Game/FXVarietyPack/EpicContent/Blueprints/BP_DemoRoom_Enum.BP_DemoRoom_Enum' and '/Game/ColorGrade_50LUTs/DemoRoom/BluePrint/BP_DemoRoom_Enum.BP_DemoRoom_Enum'
[2019.08.16-22.28.32:280][321]LogEnum: Warning: Enum name collision: 'BP_DemoRoom_Enum::RoofwithHole' is in both '/Game/FXVarietyPack/EpicContent/Blueprints/BP_DemoRoom_Enum.BP_DemoRoom_Enum' and '/Game/ColorGrade_50LUTs/DemoRoom/BluePrint/BP_DemoRoom_Enum.BP_DemoRoom_Enum'
[2019.08.16-22.28.32:280][321]LogEnum: Warning: Enum name collision: 'BP_DemoRoom_Enum::RoofOpen' is in both '/Game/FXVarietyPack/EpicContent/Blueprints/BP_DemoRoom_Enum.BP_DemoRoom_Enum' and '/Game/ColorGrade_50LUTs/DemoRoom/BluePrint/BP_DemoRoom_Enum.BP_DemoRoom_Enum'
[2019.08.16-22.28.32:280][321]LogEnum: Warning: Enum name collision: 'BP_DemoRoom_Enum::BP_DemoRoom_MAX' is in both '/Game/FXVarietyPack/EpicContent/Blueprints/BP_DemoRoom_Enum.BP_DemoRoom_Enum' and '/Game/ColorGrade_50LUTs/DemoRoom/BluePrint/BP_DemoRoom_Enum.BP_DemoRoom_Enum'
[2019.08.16-22.28.32:280][321]LogEnum: Warning: Enum name collision: 'BP_DemoRoom_Enum::Standard' is in both '/Game/FXVarietyPack/EpicContent/Blueprints/BP_DemoRoom_Enum.BP_DemoRoom_Enum' and '/Game/ColorGrade_50LUTs/DemoRoom/BluePrint/BP_DemoRoom_Enum.BP_DemoRoom_Enum'
[2019.08.16-22.28.32:280][321]LogEnum: Warning: Enum name collision: 'BP_DemoRoom_Enum::RoofwithHole' is in both '/Game/FXVarietyPack/EpicContent/Blueprints/BP_DemoRoom_Enum.BP_DemoRoom_Enum' and '/Game/ColorGrade_50LUTs/DemoRoom/BluePrint/BP_DemoRoom_Enum.BP_DemoRoom_Enum'
[2019.08.16-22.28.32:280][321]LogEnum: Warning: Enum name collision: 'BP_DemoRoom_Enum::RoofOpen' is in both '/Game/FXVarietyPack/EpicContent/Blueprints/BP_DemoRoom_Enum.BP_DemoRoom_Enum' and '/Game/ColorGrade_50LUTs/DemoRoom/BluePrint/BP_DemoRoom_Enum.BP_DemoRoom_Enum'
[2019.08.16-22.28.32:347][321]LogContentBrowser: Native class hierarchy updated for 'BlueprintGraph' in 0.0004 seconds. Added 117 classes and 0 folders.
[2019.08.16-22.28.32:984][321]LogSkeletalMesh: USkeletalMeshComponent::InitArticulated : Bodies already created (/Engine/Transient.World_4:PersistentLevel.AnimationEditorPreviewActor_0.DebugSkelMeshComponent_0) - call TermArticulated first.
[2019.08.16-22.28.33:365][321]LogSlate: Took 0.006775 seconds to synchronously load lazily loaded font '../../../Engine/Content/Slate/Fonts/Roboto-BoldCondensed.ttf' (158K)
[2019.08.16-22.28.33:430][321]LogContentBrowser: Native class hierarchy updated for 'ClothingSystemEditorInterface' in 0.0002 seconds. Added 1 classes and 0 folders.
[2019.08.16-22.28.33:593][322]LogSlate: Took 0.023313 seconds to synchronously load lazily loaded font '../../../Engine/Content/Slate/Fonts/Roboto-Italic.ttf' (157K)
[2019.08.16-22.28.34:643][378]LogAssetEditorManager: Opening Asset editor for Skeleton /Game/BF2_Assets/Characters/Vader/riggedvader_Skeleton.riggedvader_Skeleton
[2019.08.16-22.28.34:672][378]LogActorComponent: RegisterComponentWithWorld: (/Engine/Transient.World_7:PersistentLevel.AnimationEditorPreviewActor_0.DebugSkelMeshComponent_0) Already registered. Aborting.
[2019.08.16-22.28.34:706][378]LogSkeletalMesh: USkeletalMeshComponent::InitArticulated : Bodies already created (/Engine/Transient.World_7:PersistentLevel.AnimationEditorPreviewActor_0.DebugSkelMeshComponent_0) - call TermArticulated first.
[2019.08.16-22.28.34:982][379]LogRenderer: Reallocating scene render targets to support 1384x1280 Format 26 NumSamples 1 (Frame:1).
[2019.08.16-22.29.58:000][526]Cmd: OBJ SAVEPACKAGE PACKAGE="/Game/BF2_Assets/Characters/Vader/VaderAnimBP" FILE="../../../../../Unreal Projects/StarWarsVR-UE4-4.21/Content/BF2_Assets/Characters/Vader/VaderAnimBP.uasset" SILENT=true
[2019.08.16-22.29.58:080][526]LogSavePackage: Moving '../../../../../Unreal Projects/StarWarsVR-UE4-4.21/Saved/VaderAnimBP0A763DA4416FE5353D08D19B9E2BD2D9.tmp' to '../../../../../Unreal Projects/StarWarsVR-UE4-4.21/Content/BF2_Assets/Characters/Vader/VaderAnimBP.uasset'
[2019.08.16-22.29.59:061][634]LogSlate: Window 'VaderAnimBP' being destroyed
[2019.08.16-22.29.59:106][634]LogSlate: Window 'VaderAnimBP' being destroyed
[2019.08.16-22.30.01:971][930]LogSlate: FSceneViewport::OnFocusLost() reason 0
[2019.08.16-22.30.14:725][256]LogSlate: FSceneViewport::OnFocusLost() reason 0
[2019.08.16-22.30.16:838][444]LogAssetEditorManager: Opening Asset editor for AnimBlueprint /Game/BF2_Assets/Characters/Maul/VRMaulAnimBP.VRMaulAnimBP
[2019.08.16-22.30.16:854][444]LogActorComponent: RegisterComponentWithWorld: (/Engine/Transient.World_9:PersistentLevel.AnimationEditorPreviewActor_0.DebugSkelMeshComponent_0) Already registered. Aborting.
[2019.08.16-22.30.17:072][444]LogSkeletalMesh: USkeletalMeshComponent::InitArticulated : Bodies already created (/Engine/Transient.World_9:PersistentLevel.AnimationEditorPreviewActor_0.DebugSkelMeshComponent_0) - call TermArticulated first.
[2019.08.16-22.30.19:739][585]LogAssetEditorManager: Opening Asset editor for Skeleton /Game/BF2_Assets/Characters/Maul/maul_Skeleton.maul_Skeleton
[2019.08.16-22.30.19:751][585]LogActorComponent: RegisterComponentWithWorld: (/Engine/Transient.World_13:PersistentLevel.AnimationEditorPreviewActor_0.DebugSkelMeshComponent_0) Already registered. Aborting.
[2019.08.16-22.30.19:788][585]LogSkeletalMesh: USkeletalMeshComponent::InitArticulated : Bodies already created (/Engine/Transient.World_13:PersistentLevel.AnimationEditorPreviewActor_0.DebugSkelMeshComponent_0) - call TermArticulated first.
[2019.08.16-22.30.27:530][134]LogSlate: FSceneViewport::OnFocusLost() reason 0
[2019.08.16-22.30.33:341][521]LogSlate: FSceneViewport::OnFocusLost() reason 0
[2019.08.16-22.30.34:335][595]LogSlate: FSceneViewport::OnFocusLost() reason 0
[2019.08.16-22.31.04:157][212]Cmd: OBJ SAVEPACKAGE PACKAGE="/Game/BF2_Assets/Characters/Maul/VRMaulAnimBP" FILE="../../../../../Unreal Projects/StarWarsVR-UE4-4.21/Content/BF2_Assets/Characters/Maul/VRMaulAnimBP.uasset" SILENT=true
[2019.08.16-22.31.04:203][212]LogSavePackage: Moving '../../../../../Unreal Projects/StarWarsVR-UE4-4.21/Saved/VRMaulAnimBP8FB045554337893F2E4350AF070DBD0B.tmp' to '../../../../../Unreal Projects/StarWarsVR-UE4-4.21/Content/BF2_Assets/Characters/Maul/VRMaulAnimBP.uasset'
[2019.08.16-22.31.32:425][667]LogAssetEditorManager: Opening Asset editor for AnimBlueprint /Game/BF2_Assets/Characters/Vader/VaderAnimBP.VaderAnimBP
[2019.08.16-22.31.32:459][667]LogActorComponent: RegisterComponentWithWorld: (/Engine/Transient.World_15:PersistentLevel.AnimationEditorPreviewActor_0.DebugSkelMeshComponent_0) Already registered. Aborting.
[2019.08.16-22.31.32:675][667]LogSkeletalMesh: USkeletalMeshComponent::InitArticulated : Bodies already created (/Engine/Transient.World_15:PersistentLevel.AnimationEditorPreviewActor_0.DebugSkelMeshComponent_0) - call TermArticulated first.
[2019.08.16-22.32.04:973][152]LogContentBrowser: Verbose: The majority of assets in the view are of type: AnimSequence
[2019.08.16-22.32.16:050][842]LogAssetEditorManager: Opening Asset editor for BlendSpace1D /Game/BF2_Assets/Characters/Vader/anims/VaderIdleRunBlend2d.VaderIdleRunBlend2d
[2019.08.16-22.32.16:104][842]LogActorComponent: RegisterComponentWithWorld: (/Engine/Transient.World_17:PersistentLevel.AnimationEditorPreviewActor_0.DebugSkelMeshComponent_0) Already registered. Aborting.
[2019.08.16-22.32.16:144][842]LogSkeletalMesh: USkeletalMeshComponent::InitArticulated : Bodies already created (/Engine/Transient.World_17:PersistentLevel.AnimationEditorPreviewActor_0.DebugSkelMeshComponent_0) - call TermArticulated first.
[2019.08.16-22.32.16:524][842]LogContentBrowser: Verbose: The majority of assets in the view are of type: AnimSequence
[2019.08.16-22.32.47:961][287]LogSlate: Window 'Pick Skeleton' being destroyed
[2019.08.16-22.32.57:800][128]LogAssetEditorManager: Opening Asset editor for BlendSpace1D /Game/BF2_Assets/Characters/Maul/Anims/idlerunblend.idlerunblend
[2019.08.16-22.32.57:812][128]LogActorComponent: RegisterComponentWithWorld: (/Engine/Transient.World_19:PersistentLevel.AnimationEditorPreviewActor_0.DebugSkelMeshComponent_0) Already registered. Aborting.
[2019.08.16-22.32.57:849][128]LogSkeletalMesh: USkeletalMeshComponent::InitArticulated : Bodies already created (/Engine/Transient.World_19:PersistentLevel.AnimationEditorPreviewActor_0.DebugSkelMeshComponent_0) - call TermArticulated first.
[2019.08.16-22.32.58:229][128]LogContentBrowser: Verbose: The majority of assets in the view are of type: AnimSequence
[2019.08.16-22.33.13:958][957]LogAnimation: Warning: AnimBP ABP_hand_right_C is incompatible with skeleton SK_hand_left_Skeleton, removing AnimBP from actor.
[2019.08.16-22.33.16:233][ 93]LogAssetEditorManager: Opening Asset editor for Blueprint /Game/Lightsaber/Blueprints/VRPlayerCharacters/Maul/VRMaul.VRMaul
[2019.08.16-22.34.36:940][858]LogAnimationCompression: Building Anim DDC data for AnimSequence /Game/BF2_Assets/Characters/Maul/Anims/Standing_Walk_Forward.Standing_Walk_Forward
[2019.08.16-22.34.36:940][858]LogAnimationCompression: Recompressing (AnimSequence /Game/BF2_Assets/Characters/Maul/Anims/Standing_Walk_Forward.Standing_Walk_Forward) using current/default (AnimCompress_BitwiseCompressOnly_0) bFirstRecompressUsingCurrentOrDefault(1) bTryAlternateCompressor(0) IsCompressedDataValid(0)
[2019.08.16-22.34.50:340][815]LogAnimationCompression: Building Anim DDC data for AnimSequence /Game/BF2_Assets/Characters/Maul/Anims/Standing_Run_Forward.Standing_Run_Forward
[2019.08.16-22.34.50:340][815]LogAnimationCompression: Recompressing (AnimSequence /Game/BF2_Assets/Characters/Maul/Anims/Standing_Run_Forward.Standing_Run_Forward) using current/default (AnimCompress_BitwiseCompressOnly_0) bFirstRecompressUsingCurrentOrDefault(1) bTryAlternateCompressor(0) IsCompressedDataValid(0)
[2019.08.16-22.35.02:798][731]LogSavePackage: Moving '../../../../../Unreal Projects/StarWarsVR-UE4-4.21/Saved/idlerunblend35439107462502A692CFDCAC17A49793.tmp' to '../../../../../Unreal Projects/StarWarsVR-UE4-4.21/Content/BF2_Assets/Characters/Maul/Anims/idlerunblend.uasset'
[2019.08.16-22.35.04:158][788]LogSavePackage: Moving '../../../../../Unreal Projects/StarWarsVR-UE4-4.21/Saved/idlerunblend7400C6AD49235D60A88D5E89BBD37079.tmp' to '../../../../../Unreal Projects/StarWarsVR-UE4-4.21/Content/BF2_Assets/Characters/Maul/Anims/idlerunblend.uasset'
[2019.08.16-22.35.05:153][835]LogSavePackage: Moving '../../../../../Unreal Projects/StarWarsVR-UE4-4.21/Saved/idlerunblendFC3CCE324A485C72878A3BA359DB331C.tmp' to '../../../../../Unreal Projects/StarWarsVR-UE4-4.21/Content/BF2_Assets/Characters/Maul/Anims/idlerunblend.uasset'
[2019.08.16-22.35.05:911][869]LogSavePackage: Moving '../../../../../Unreal Projects/StarWarsVR-UE4-4.21/Saved/idlerunblend08A146F842F31ECEAA5F6DB902547197.tmp' to '../../../../../Unreal Projects/StarWarsVR-UE4-4.21/Content/BF2_Assets/Characters/Maul/Anims/idlerunblend.uasset'
[2019.08.16-22.35.14:137][374]LogSlate: Window 'idlerunblend' being destroyed
[2019.08.16-22.35.14:183][374]LogSlate: Window 'idlerunblend' being destroyed
[2019.08.16-22.35.31:875][262]BlueprintLog: New page: Compile VRMaulAnimBP
[2019.08.16-22.35.32:303][262]Cmd: OBJ SAVEPACKAGE PACKAGE="/Game/BF2_Assets/Characters/Maul/VRMaulAnimBP" FILE="../../../../../Unreal Projects/StarWarsVR-UE4-4.21/Content/BF2_Assets/Characters/Maul/VRMaulAnimBP.uasset" SILENT=true
[2019.08.16-22.35.32:350][262]LogSavePackage: Moving '../../../../../Unreal Projects/StarWarsVR-UE4-4.21/Saved/VRMaulAnimBPD67A19094EAA33E5067D38A6D9AB0487.tmp' to '../../../../../Unreal Projects/StarWarsVR-UE4-4.21/Content/BF2_Assets/Characters/Maul/VRMaulAnimBP.uasset'
[2019.08.16-22.35.33:625][326]Cmd: OBJ SAVEPACKAGE PACKAGE="/Game/BF2_Assets/Characters/Maul/VRMaulAnimBP" FILE="../../../../../Unreal Projects/StarWarsVR-UE4-4.21/Content/BF2_Assets/Characters/Maul/VRMaulAnimBP.uasset" SILENT=true
[2019.08.16-22.35.33:665][326]LogSavePackage: Moving '../../../../../Unreal Projects/StarWarsVR-UE4-4.21/Saved/VRMaulAnimBPA5E7A53743870CCADAC2A890E7F1FA65.tmp' to '../../../../../Unreal Projects/StarWarsVR-UE4-4.21/Content/BF2_Assets/Characters/Maul/VRMaulAnimBP.uasset'
[2019.08.16-22.36.23:473][627]LogAnimationCompression: Building Anim DDC data for AnimSequence /Game/BF2_Assets/Characters/Maul/Anims/Standing_Jump.Standing_Jump
[2019.08.16-22.36.23:473][627]LogAnimationCompression: Recompressing (AnimSequence /Game/BF2_Assets/Characters/Maul/Anims/Standing_Jump.Standing_Jump) using current/default (AnimCompress_BitwiseCompressOnly_0) bFirstRecompressUsingCurrentOrDefault(1) bTryAlternateCompressor(0) IsCompressedDataValid(0)
[2019.08.16-22.36.23:574][627]LogAssetEditorManager: Opening Asset editor for AnimSequence /Game/BF2_Assets/Characters/Maul/Anims/Standing_Jump.Standing_Jump
[2019.08.16-22.36.23:591][627]LogActorComponent: RegisterComponentWithWorld: (/Engine/Transient.World_27:PersistentLevel.AnimationEditorPreviewActor_0.DebugSkelMeshComponent_0) Already registered. Aborting.
[2019.08.16-22.36.23:629][627]LogSkeletalMesh: USkeletalMeshComponent::InitArticulated : Bodies already created (/Engine/Transient.World_27:PersistentLevel.AnimationEditorPreviewActor_0.DebugSkelMeshComponent_0) - call TermArticulated first.
[2019.08.16-22.36.24:030][627]LogContentBrowser: Verbose: The majority of assets in the view are of type: AnimSequence
[2019.08.16-22.37.02:290][185]BlueprintLog: New page: Compile VRMaulAnimBP
[2019.08.16-22.37.02:699][185]Cmd: OBJ SAVEPACKAGE PACKAGE="/Game/BF2_Assets/Characters/Maul/VRMaulAnimBP" FILE="../../../../../Unreal Projects/StarWarsVR-UE4-4.21/Content/BF2_Assets/Characters/Maul/VRMaulAnimBP.uasset" SILENT=true
[2019.08.16-22.37.02:753][185]LogSavePackage: Moving '../../../../../Unreal Projects/StarWarsVR-UE4-4.21/Saved/VRMaulAnimBPAC45D1C74F36814371A9B9948C7D642C.tmp' to '../../../../../Unreal Projects/StarWarsVR-UE4-4.21/Content/BF2_Assets/Characters/Maul/VRMaulAnimBP.uasset'
[2019.08.16-22.37.11:568][746]BlueprintLog: New page: Compile VRMaulAnimBP
[2019.08.16-22.37.11:967][746]Cmd: OBJ SAVEPACKAGE PACKAGE="/Game/BF2_Assets/Characters/Maul/VRMaulAnimBP" FILE="../../../../../Unreal Projects/StarWarsVR-UE4-4.21/Content/BF2_Assets/Characters/Maul/VRMaulAnimBP.uasset" SILENT=true
[2019.08.16-22.37.12:019][746]LogSavePackage: Moving '../../../../../Unreal Projects/StarWarsVR-UE4-4.21/Saved/VRMaulAnimBPA82960534EC3E9968EB6BAAB0F90C06D.tmp' to '../../../../../Unreal Projects/StarWarsVR-UE4-4.21/Content/BF2_Assets/Characters/Maul/VRMaulAnimBP.uasset'
[2019.08.16-22.37.12:700][776]Cmd: OBJ SAVEPACKAGE PACKAGE="/Game/BF2_Assets/Characters/Maul/VRMaulAnimBP" FILE="../../../../../Unreal Projects/StarWarsVR-UE4-4.21/Content/BF2_Assets/Characters/Maul/VRMaulAnimBP.uasset" SILENT=true
[2019.08.16-22.37.12:746][776]LogSavePackage: Moving '../../../../../Unreal Projects/StarWarsVR-UE4-4.21/Saved/VRMaulAnimBP5E00CC8F48E6EC4683E0EBAEA7956795.tmp' to '../../../../../Unreal Projects/StarWarsVR-UE4-4.21/Content/BF2_Assets/Characters/Maul/VRMaulAnimBP.uasset'
[2019.08.16-22.37.23:707][517]BlueprintLog: New page: Compile VRMaulAnimBP
[2019.08.16-22.37.24:108][517]Cmd: OBJ SAVEPACKAGE PACKAGE="/Game/BF2_Assets/Characters/Maul/VRMaulAnimBP" FILE="../../../../../Unreal Projects/StarWarsVR-UE4-4.21/Content/BF2_Assets/Characters/Maul/VRMaulAnimBP.uasset" SILENT=true
[2019.08.16-22.37.24:159][517]LogSavePackage: Moving '../../../../../Unreal Projects/StarWarsVR-UE4-4.21/Saved/VRMaulAnimBP5628BEA947D9D355E6D80FA1D46AEF9E.tmp' to '../../../../../Unreal Projects/StarWarsVR-UE4-4.21/Content/BF2_Assets/Characters/Maul/VRMaulAnimBP.uasset'
[2019.08.16-22.37.25:182][568]Cmd: OBJ SAVEPACKAGE PACKAGE="/Game/BF2_Assets/Characters/Maul/VRMaulAnimBP" FILE="../../../../../Unreal Projects/StarWarsVR-UE4-4.21/Content/BF2_Assets/Characters/Maul/VRMaulAnimBP.uasset" SILENT=true
[2019.08.16-22.37.25:226][568]LogSavePackage: Moving '../../../../../Unreal Projects/StarWarsVR-UE4-4.21/Saved/VRMaulAnimBP3091E3E247DD1F884672BBBBCC3301D0.tmp' to '../../../../../Unreal Projects/StarWarsVR-UE4-4.21/Content/BF2_Assets/Characters/Maul/VRMaulAnimBP.uasset'
[2019.08.16-22.37.25:890][597]Cmd: OBJ SAVEPACKAGE PACKAGE="/Game/BF2_Assets/Characters/Maul/VRMaulAnimBP" FILE="../../../../../Unreal Projects/StarWarsVR-UE4-4.21/Content/BF2_Assets/Characters/Maul/VRMaulAnimBP.uasset" SILENT=true
[2019.08.16-22.37.25:935][597]LogSavePackage: Moving '../../../../../Unreal Projects/StarWarsVR-UE4-4.21/Saved/VRMaulAnimBP0CBDFF194CCFFF33A686F6A846C75C98.tmp' to '../../../../../Unreal Projects/StarWarsVR-UE4-4.21/Content/BF2_Assets/Characters/Maul/VRMaulAnimBP.uasset'
[2019.08.16-22.38.10:641][550]LogAssetEditorManager: Opening Asset editor for Skeleton /Game/BF2_Assets/Characters/Maul/maul_Skeleton.maul_Skeleton
[2019.08.16-22.38.10:654][550]LogActorComponent: RegisterComponentWithWorld: (/Engine/Transient.World_30:PersistentLevel.AnimationEditorPreviewActor_0.DebugSkelMeshComponent_0) Already registered. Aborting.
[2019.08.16-22.38.10:692][550]LogSkeletalMesh: USkeletalMeshComponent::InitArticulated : Bodies already created (/Engine/Transient.World_30:PersistentLevel.AnimationEditorPreviewActor_0.DebugSkelMeshComponent_0) - call TermArticulated first.
[2019.08.16-22.38.55:496][346]BlueprintLog: New page: Compile VRMaulAnimBP
[2019.08.16-22.38.55:896][346]Cmd: OBJ SAVEPACKAGE PACKAGE="/Game/BF2_Assets/Characters/Maul/VRMaulAnimBP" FILE="../../../../../Unreal Projects/StarWarsVR-UE4-4.21/Content/BF2_Assets/Characters/Maul/VRMaulAnimBP.uasset" SILENT=true
[2019.08.16-22.38.55:955][346]LogSavePackage: Moving '../../../../../Unreal Projects/StarWarsVR-UE4-4.21/Saved/VRMaulAnimBPE3A9B76D4117C22A3CE85482D014AD3D.tmp' to '../../../../../Unreal Projects/StarWarsVR-UE4-4.21/Content/BF2_Assets/Characters/Maul/VRMaulAnimBP.uasset'
[2019.08.16-22.38.58:007][463]Cmd: OBJ SAVEPACKAGE PACKAGE="/Game/BF2_Assets/Characters/Maul/VRMaulAnimBP" FILE="../../../../../Unreal Projects/StarWarsVR-UE4-4.21/Content/BF2_Assets/Characters/Maul/VRMaulAnimBP.uasset" SILENT=true
[2019.08.16-22.38.58:056][463]LogSavePackage: Moving '../../../../../Unreal Projects/StarWarsVR-UE4-4.21/Saved/VRMaulAnimBP65CB60284B79BD1153DB11964A5BFA55.tmp' to '../../../../../Unreal Projects/StarWarsVR-UE4-4.21/Content/BF2_Assets/Characters/Maul/VRMaulAnimBP.uasset'
[2019.08.16-22.38.58:752][494]Cmd: OBJ SAVEPACKAGE PACKAGE="/Game/BF2_Assets/Characters/Maul/VRMaulAnimBP" FILE="../../../../../Unreal Projects/StarWarsVR-UE4-4.21/Content/BF2_Assets/Characters/Maul/VRMaulAnimBP.uasset" SILENT=true
[2019.08.16-22.38.58:803][494]LogSavePackage: Moving '../../../../../Unreal Projects/StarWarsVR-UE4-4.21/Saved/VRMaulAnimBP0E2C093848995C21E0CE24AB1105ABA7.tmp' to '../../../../../Unreal Projects/StarWarsVR-UE4-4.21/Content/BF2_Assets/Characters/Maul/VRMaulAnimBP.uasset'
[2019.08.16-22.38.59:373][514]Cmd: OBJ SAVEPACKAGE PACKAGE="/Game/BF2_Assets/Characters/Maul/VRMaulAnimBP" FILE="../../../../../Unreal Projects/StarWarsVR-UE4-4.21/Content/BF2_Assets/Characters/Maul/VRMaulAnimBP.uasset" SILENT=true
[2019.08.16-22.38.59:420][514]LogSavePackage: Moving '../../../../../Unreal Projects/StarWarsVR-UE4-4.21/Saved/VRMaulAnimBP6F1D33194106CEE7588A39AF2AC02AB9.tmp' to '../../../../../Unreal Projects/StarWarsVR-UE4-4.21/Content/BF2_Assets/Characters/Maul/VRMaulAnimBP.uasset'
[2019.08.16-22.39.00:092][544]Cmd: OBJ SAVEPACKAGE PACKAGE="/Game/BF2_Assets/Characters/Maul/VRMaulAnimBP" FILE="../../../../../Unreal Projects/StarWarsVR-UE4-4.21/Content/BF2_Assets/Characters/Maul/VRMaulAnimBP.uasset" SILENT=true
[2019.08.16-22.39.00:140][544]LogSavePackage: Moving '../../../../../Unreal Projects/StarWarsVR-UE4-4.21/Saved/VRMaulAnimBP2DC723EF479E44558901CA9D18797EBA.tmp' to '../../../../../Unreal Projects/StarWarsVR-UE4-4.21/Content/BF2_Assets/Characters/Maul/VRMaulAnimBP.uasset'
[2019.08.16-22.39.03:851][782]Cmd: OBJ SAVEPACKAGE PACKAGE="/Game/BF2_Assets/Characters/Maul/VRMaulAnimBP" FILE="../../../../../Unreal Projects/StarWarsVR-UE4-4.21/Content/BF2_Assets/Characters/Maul/VRMaulAnimBP.uasset" SILENT=true
[2019.08.16-22.39.03:898][782]LogSavePackage: Moving '../../../../../Unreal Projects/StarWarsVR-UE4-4.21/Saved/VRMaulAnimBPE2A1154B4DAB82F9DA93F0A1E5707FC5.tmp' to '../../../../../Unreal Projects/StarWarsVR-UE4-4.21/Content/BF2_Assets/Characters/Maul/VRMaulAnimBP.uasset'
[2019.08.16-22.39.25:856][245]BlueprintLog: New page: Compile VRMaulAnimBP
[2019.08.16-22.39.26:256][245]Cmd: OBJ SAVEPACKAGE PACKAGE="/Game/BF2_Assets/Characters/Maul/VRMaulAnimBP" FILE="../../../../../Unreal Projects/StarWarsVR-UE4-4.21/Content/BF2_Assets/Characters/Maul/VRMaulAnimBP.uasset" SILENT=true
[2019.08.16-22.39.26:310][245]LogSavePackage: Moving '../../../../../Unreal Projects/StarWarsVR-UE4-4.21/Saved/VRMaulAnimBP64C28AAD478A5E88A7C314BE21FA687C.tmp' to '../../../../../Unreal Projects/StarWarsVR-UE4-4.21/Content/BF2_Assets/Characters/Maul/VRMaulAnimBP.uasset'
[2019.08.16-22.39.27:154][284]Cmd: OBJ SAVEPACKAGE PACKAGE="/Game/BF2_Assets/Characters/Maul/VRMaulAnimBP" FILE="../../../../../Unreal Projects/StarWarsVR-UE4-4.21/Content/BF2_Assets/Characters/Maul/VRMaulAnimBP.uasset" SILENT=true
[2019.08.16-22.39.27:202][284]LogSavePackage: Moving '../../../../../Unreal Projects/StarWarsVR-UE4-4.21/Saved/VRMaulAnimBP0C61876D4E8D84C4CC97A9925EE89746.tmp' to '../../../../../Unreal Projects/StarWarsVR-UE4-4.21/Content/BF2_Assets/Characters/Maul/VRMaulAnimBP.uasset'
[2019.08.16-22.39.28:750][375]Cmd: OBJ SAVEPACKAGE PACKAGE="/Game/BF2_Assets/Characters/Maul/VRMaulAnimBP" FILE="../../../../../Unreal Projects/StarWarsVR-UE4-4.21/Content/BF2_Assets/Characters/Maul/VRMaulAnimBP.uasset" SILENT=true
[2019.08.16-22.39.28:796][375]LogSavePackage: Moving '../../../../../Unreal Projects/StarWarsVR-UE4-4.21/Saved/VRMaulAnimBP448628E9416BA7BA88A2F7A15B30AD77.tmp' to '../../../../../Unreal Projects/StarWarsVR-UE4-4.21/Content/BF2_Assets/Characters/Maul/VRMaulAnimBP.uasset'
[2019.08.16-22.39.29:450][405]Cmd: OBJ SAVEPACKAGE PACKAGE="/Game/BF2_Assets/Characters/Maul/VRMaulAnimBP" FILE="../../../../../Unreal Projects/StarWarsVR-UE4-4.21/Content/BF2_Assets/Characters/Maul/VRMaulAnimBP.uasset" SILENT=true
[2019.08.16-22.39.29:496][405]LogSavePackage: Moving '../../../../../Unreal Projects/StarWarsVR-UE4-4.21/Saved/VRMaulAnimBP98A1F0F44082DDBEA891B680C1E5F049.tmp' to '../../../../../Unreal Projects/StarWarsVR-UE4-4.21/Content/BF2_Assets/Characters/Maul/VRMaulAnimBP.uasset'
[2019.08.16-22.39.34:296][726]Cmd: OBJ SAVEPACKAGE PACKAGE="/Game/BF2_Assets/Characters/Maul/VRMaulAnimBP" FILE="../../../../../Unreal Projects/StarWarsVR-UE4-4.21/Content/BF2_Assets/Characters/Maul/VRMaulAnimBP.uasset" SILENT=true
[2019.08.16-22.39.34:343][726]LogSavePackage: Moving '../../../../../Unreal Projects/StarWarsVR-UE4-4.21/Saved/VRMaulAnimBP861E9D024DC53016B55579AE489BE734.tmp' to '../../../../../Unreal Projects/StarWarsVR-UE4-4.21/Content/BF2_Assets/Characters/Maul/VRMaulAnimBP.uasset'
[2019.08.16-22.39.43:538][311]Cmd: OBJ SAVEPACKAGE PACKAGE="/Game/BF2_Assets/Characters/Maul/VRMaulAnimBP" FILE="../../../../../Unreal Projects/StarWarsVR-UE4-4.21/Content/BF2_Assets/Characters/Maul/VRMaulAnimBP.uasset" SILENT=true
[2019.08.16-22.39.43:585][311]LogSavePackage: Moving '../../../../../Unreal Projects/StarWarsVR-UE4-4.21/Saved/VRMaulAnimBPE19A1D36490E3EC1959E32BE6006D8D1.tmp' to '../../../../../Unreal Projects/StarWarsVR-UE4-4.21/Content/BF2_Assets/Characters/Maul/VRMaulAnimBP.uasset'
[2019.08.16-22.39.44:472][360]Cmd: OBJ SAVEPACKAGE PACKAGE="/Game/BF2_Assets/Characters/Maul/VRMaulAnimBP" FILE="../../../../../Unreal Projects/StarWarsVR-UE4-4.21/Content/BF2_Assets/Characters/Maul/VRMaulAnimBP.uasset" SILENT=true
[2019.08.16-22.39.44:518][360]LogSavePackage: Moving '../../../../../Unreal Projects/StarWarsVR-UE4-4.21/Saved/VRMaulAnimBP2E5D38464E0F082A9F389CACC344A6CF.tmp' to '../../../../../Unreal Projects/StarWarsVR-UE4-4.21/Content/BF2_Assets/Characters/Maul/VRMaulAnimBP.uasset'
[2019.08.16-22.39.47:504][535]LogSavePackage: Moving '../../../../../Unreal Projects/StarWarsVR-UE4-4.21/Saved/VRMaulD447C0DF479C69377F23C0963959F27C.tmp' to '../../../../../Unreal Projects/StarWarsVR-UE4-4.21/Content/Lightsaber/Blueprints/VRPlayerCharacters/Maul/VRMaul.uasset'
[2019.08.16-22.39.50:992][710]Cmd: OBJ SAVEPACKAGE PACKAGE="/Game/BF2_Assets/Characters/Vader/VaderAnimBP" FILE="../../../../../Unreal Projects/StarWarsVR-UE4-4.21/Content/BF2_Assets/Characters/Vader/VaderAnimBP.uasset" SILENT=true
[2019.08.16-22.39.51:053][710]LogSavePackage: Moving '../../../../../Unreal Projects/StarWarsVR-UE4-4.21/Saved/VaderAnimBP011F400A416BF6CD77BB2F9446FD57F3.tmp' to '../../../../../Unreal Projects/StarWarsVR-UE4-4.21/Content/BF2_Assets/Characters/Vader/VaderAnimBP.uasset'
[2019.08.16-22.39.51:911][762]LogSlate: Window 'VaderAnimBP' being destroyed
[2019.08.16-22.39.51:958][762]LogSlate: Window 'VaderAnimBP' being destroyed
[2019.08.16-22.39.53:587][888]LogSlate: Window 'VRMaul' being destroyed
[2019.08.16-22.39.53:633][888]LogSlate: Window 'VRMaul' being destroyed
